0
59.68
0
59.68
0
62.12
0
62.55
0
64.68
0
65.23
50295
65.23
167683
66.87
263541
67.17
359234
67.60
454349
68.15
561623
68.27
718167
68.27
830899
68.27
1032239
68.27
1152915
68.64
1261399
68.64
1387712
68.76
1483380
68.76
1597672
68.76
1693235
68.76
1810287
68.76
2087667
68.76
2246507
68.94
2393250
68.94
2516311
69.06
2648877
69.18
2769587
69.18
2960791
69.18
3267479
69.18
3562225
69.18
3884909
69.18
4115607
69.18
4502093
69.18
4743191
69.18
4984469
69.18
5119307
69.18
5464663
69.18
5820556
69.18
6258359
69.18
6707901
69.18
7214965
69.18
7432755
69.18
7702255
69.18
8111731
69.18
8378421
69.18
8886804
69.18
9035543
69.37
9190803
69.37
9403220
69.37
9603029
69.37
9946132
69.37
10290959
69.37
10993686
69.37
11140046
69.37
12157788
69.37
12468627
69.37
12666105
69.37
12783315
69.37
14062160
69.37
14362135
69.37
15165399
69.37
15464881
69.37
15870935
69.37
16248211
69.37
16546045
69.37
16701779
69.37
16916781
69.37
18845305
69.37
19446588
69.37
20655383
69.37
20887287
69.37
22293619
69.37
22995298
69.37
23442638
69.37
24254419
69.37
24550295
69.37
27316951
69.37
28103841
69.37
28955255
69.37
29622230
69.37
32139455
69.37
36834949
69.37
38624787
69.37
40697399
69.37
40952791
69.37
41992895
69.37
45218258
69.37
46505975
69.73
47157236
69.73
48642639
69.73
50164511
69.73
61724475
70.04
63064847
70.04
67649472
70.04
72421911
70.04
73372311
70.04
73792479
70.04
94664369
70.04
94793024
70.04
95015111
70.04
97558687
70.04
102593985
70.04
104600531
70.04
107315377
70.04
108102803
70.04
108883284
70.04
111308397
70.04
116440921
70.04
122035479
70.04
124540248
70.04
136337012
70.04
150262478
70.04
150643639
70.04
157252115
70.04
157754071
70.04
161023511
70.04
163795411
70.04
169879777
70.04
170049541
70.04
172056627
70.04
172955327
70.04
178969719
70.04
186670487
70.04
187206847
70.04
188226977
70.04
202924828
70.04
233597319
70.04
252014355
70.04
253311259
70.04
257997051
70.04
260118223
70.04
270858418
70.04
273500723
70.04
277430355
70.04
309072897
70.04
355591324
70.04
359534036
70.04
382183382
70.04
404398919
70.04
407255938
70.04
494791187
70.04
525823639
70.04
526304034
70.04
532081464
70.04
594519075
70.04
596525459
70.04
671719381
70.04
799436800
70.04
806611646
70.04
866282583
70.04
966512851
70.04
