Input: id:000000,time:0,execs:0,orig:all_together.bin
	Result: 0
	Coverage:  59.68%
	Total Coverage:  59.68%
Input: id:000001,time:0,execs:0,orig:hello_action.bin
	Result: 0
	Coverage:  59.68%
	Total Coverage:  59.68%
Input: id:000002,time:0,execs:0,orig:print_u32_param.bin
	Result: 0
	Coverage:  61.81%
	Total Coverage:  62.12%
Input: id:000003,time:0,execs:0,orig:print_u8_param.bin
	Result: 0
	Coverage:  61.81%
	Total Coverage:  62.55%
Input: id:000004,time:0,execs:0,orig:set_u32_param.bin
	Result: 0
	Coverage:  60.48%
	Total Coverage:  64.68%
Input: id:000005,time:0,execs:0,orig:set_u8_param.bin
	Result: 0
	Coverage:  60.05%
	Total Coverage:  65.23%
Input: id:000006,src:000001,time:50295,execs:46,op:quick,pos:0,+cov
	Result: 0
	Coverage:  46.83%
	Total Coverage:  65.23%
Input: id:000007,src:000001,time:167683,execs:54,op:quick,pos:1,+cov
	Result: 0
	Coverage:  51.83%
	Total Coverage:  66.87%
Input: id:000008,src:000001,time:263541,execs:62,op:quick,pos:2,+cov
	Result: 0
	Coverage:  54.02%
	Total Coverage:  67.17%
Input: id:000009,src:000001,time:359234,execs:70,op:quick,pos:3,+cov
	Result: 0
	Coverage:  53.47%
	Total Coverage:  67.60%
Input: id:000010,src:000001,time:454349,execs:78,op:quick,pos:4,+cov
	Result: 0
	Coverage:  54.38%
	Total Coverage:  68.15%
Input: id:000011,src:000001,time:561623,execs:87,op:quick,pos:6,+cov
	Result: 0
	Coverage:  52.74%
	Total Coverage:  68.27%
Input: id:000012,src:000001,time:718167,execs:100,op:flip1,pos:0
	Result: 0
	Coverage:  46.47%
	Total Coverage:  68.27%
Input: id:000013,src:000001,time:830899,execs:109,op:flip1,pos:0
	Result: 0
	Coverage:  46.83%
	Total Coverage:  68.27%
Input: id:000014,src:000001,time:1032239,execs:119,op:havoc,rep:2
	Result: 0
	Coverage:  52.62%
	Total Coverage:  68.27%
Input: id:000015,src:000001,time:1152915,execs:129,op:havoc,rep:1,+cov
	Result: 0
	Coverage:  53.65%
	Total Coverage:  68.64%
Input: id:000016,src:000001,time:1261399,execs:138,op:havoc,rep:2
	Result: 0
	Coverage:  59.68%
	Total Coverage:  68.64%
Input: id:000017,src:000001,time:1387712,execs:148,op:havoc,rep:1,+cov
	Result: 0
	Coverage:  52.07%
	Total Coverage:  68.76%
Input: id:000018,src:000001,time:1483380,execs:156,op:havoc,rep:4
	Result: 0
	Coverage:  46.59%
	Total Coverage:  68.76%
Input: id:000019,src:000001,time:1597672,execs:165,op:havoc,rep:4
	Result: 0
	Coverage:  53.90%
	Total Coverage:  68.76%
Input: id:000020,src:000001,time:1693235,execs:173,op:havoc,rep:1
	Result: 0
	Coverage:  46.47%
	Total Coverage:  68.76%
Input: id:000021,src:000001,time:1810287,execs:182,op:havoc,rep:2
	Result: 0
	Coverage:  46.83%
	Total Coverage:  68.76%
Input: id:000022,src:000001,time:2087667,execs:196,op:havoc,rep:4
	Result: 0
	Coverage:  46.71%
	Total Coverage:  68.76%
Input: id:000023,src:000001,time:2246507,execs:208,op:havoc,rep:3,+cov
	Result: 0
	Coverage:  53.53%
	Total Coverage:  68.94%
Input: id:000024,src:000001,time:2393250,execs:220,op:havoc,rep:2,+cov
	Result: 0
	Coverage:  53.53%
	Total Coverage:  68.94%
Input: id:000025,src:000001,time:2516311,execs:230,op:havoc,rep:4,+cov
	Result: 0
	Coverage:  52.62%
	Total Coverage:  69.06%
Input: id:000026,src:000001,time:2648877,execs:241,op:havoc,rep:2,+cov
	Result: 0
	Coverage:  50.97%
	Total Coverage:  69.18%
Input: id:000027,src:000001,time:2769587,execs:250,op:havoc,rep:4
	Result: 0
	Coverage:  46.47%
	Total Coverage:  69.18%
Input: id:000028,src:000001,time:2960791,execs:262,op:havoc,rep:1
	Result: 0
	Coverage:  62.06%
	Total Coverage:  69.18%
Input: id:000029,src:000001,time:3267479,execs:281,op:havoc,rep:3
	Result: 0
	Coverage:  46.59%
	Total Coverage:  69.18%
Input: id:000030,src:000001,time:3562225,execs:296,op:havoc,rep:4
	Result: 0
	Coverage:  46.71%
	Total Coverage:  69.18%
Input: id:000031,src:000001,time:3884909,execs:309,op:havoc,rep:1
	Result: 0
	Coverage:  46.83%
	Total Coverage:  69.18%
Input: id:000032,src:000001,time:4115607,execs:320,op:havoc,rep:2
	Result: 0
	Coverage:  53.71%
	Total Coverage:  69.18%
Input: id:000033,src:000001,time:4502093,execs:335,op:havoc,rep:3
	Result: 0
	Coverage:  46.83%
	Total Coverage:  69.18%
Input: id:000034,src:000001,time:4743191,execs:346,op:havoc,rep:2
	Result: 0
	Coverage:  46.83%
	Total Coverage:  69.18%
Input: id:000035,src:000001,time:4984469,execs:356,op:havoc,rep:1,+cov
	Result: 0
	Coverage:  54.51%
	Total Coverage:  69.18%
Input: id:000036,src:000001,time:5119307,execs:365,op:havoc,rep:2
	Result: 0
	Coverage:  46.83%
	Total Coverage:  69.18%
Input: id:000037,src:000001,time:5464663,execs:382,op:havoc,rep:3
	Result: 0
	Coverage:  53.29%
	Total Coverage:  69.18%
Input: id:000038,src:000001,time:5820556,execs:400,op:havoc,rep:4
	Result: 0
	Coverage:  46.83%
	Total Coverage:  69.18%
Input: id:000039,src:000001,time:6258359,execs:419,op:havoc,rep:4
	Result: 0
	Coverage:  54.14%
	Total Coverage:  69.18%
Input: id:000040,src:000001,time:6707901,execs:448,op:havoc,rep:3
	Result: 0
	Coverage:  53.53%
	Total Coverage:  69.18%
Input: id:000041,src:000001,time:7214965,execs:467,op:havoc,rep:4
	Result: 0
	Coverage:  46.47%
	Total Coverage:  69.18%
Input: id:000042,src:000001,time:7432755,execs:483,op:havoc,rep:4
	Result: 0
	Coverage:  46.95%
	Total Coverage:  69.18%
Input: id:000043,src:000001,time:7702255,execs:492,op:havoc,rep:1
	Result: 0
	Coverage:  50.85%
	Total Coverage:  69.18%
Input: id:000044,src:000001,time:8111731,execs:522,op:havoc,rep:3
	Result: 0
	Coverage:  46.71%
	Total Coverage:  69.18%
Input: id:000045,src:000001,time:8378421,execs:532,op:havoc,rep:4
	Result: 0
	Coverage:  46.59%
	Total Coverage:  69.18%
Input: id:000046,src:000001,time:8886804,execs:557,op:havoc,rep:4
	Result: 0
	Coverage:  46.47%
	Total Coverage:  69.18%
Input: id:000047,src:000001,time:9035543,execs:568,op:havoc,rep:4,+cov
	Result: 0
	Coverage:  52.92%
	Total Coverage:  69.37%
Input: id:000048,src:000001,time:9190803,execs:580,op:havoc,rep:3
	Result: 0
	Coverage:  46.83%
	Total Coverage:  69.37%
Input: id:000049,src:000001,time:9403220,execs:590,op:havoc,rep:1
	Result: 0
	Coverage:  46.59%
	Total Coverage:  69.37%
Input: id:000050,src:000001,time:9603029,execs:601,op:havoc,rep:2
	Result: 0
	Coverage:  46.47%
	Total Coverage:  69.37%
Input: id:000051,src:000001,time:9946132,execs:616,op:havoc,rep:4
	Result: 0
	Coverage:  52.86%
	Total Coverage:  69.37%
Input: id:000052,src:000001,time:10290959,execs:629,op:havoc,rep:3
	Result: 0
	Coverage:  50.85%
	Total Coverage:  69.37%
Input: id:000053,src:000001,time:10993686,execs:670,op:havoc,rep:2
	Result: 0
	Coverage:  54.14%
	Total Coverage:  69.37%
Input: id:000054,src:000001,time:11140046,execs:680,op:havoc,rep:4
	Result: 0
	Coverage:  53.29%
	Total Coverage:  69.37%
Input: id:000055,src:000001,time:12157788,execs:746,op:havoc,rep:4
	Result: 0
	Coverage:  62.36%
	Total Coverage:  69.37%
Input: id:000056,src:000001,time:12468627,execs:755,op:havoc,rep:2
	Result: 0
	Coverage:  46.71%
	Total Coverage:  69.37%
Input: id:000057,src:000001,time:12666105,execs:763,op:havoc,rep:1
	Result: 0
	Coverage:  50.85%
	Total Coverage:  69.37%
Input: id:000058,src:000001,time:12783315,execs:771,op:havoc,rep:4
	Result: 0
	Coverage:  46.47%
	Total Coverage:  69.37%
Input: id:000059,src:000001,time:14062160,execs:849,op:havoc,rep:4
	Result: 0
	Coverage:  46.35%
	Total Coverage:  69.37%
Input: id:000060,src:000001,time:14362135,execs:861,op:havoc,rep:2
	Result: 0
	Coverage:  54.02%
	Total Coverage:  69.37%
Input: id:000061,src:000001,time:15165399,execs:914,op:havoc,rep:3
	Result: 0
	Coverage:  52.50%
	Total Coverage:  69.37%
Input: id:000062,src:000001,time:15464881,execs:934,op:havoc,rep:1
	Result: 0
	Coverage:  46.59%
	Total Coverage:  69.37%
Input: id:000063,src:000001,time:15870935,execs:958,op:havoc,rep:3
	Result: 0
	Coverage:  46.71%
	Total Coverage:  69.37%
Input: id:000064,src:000001,time:16248211,execs:972,op:havoc,rep:3
	Result: 0
	Coverage:  46.83%
	Total Coverage:  69.37%
Input: id:000065,src:000001,time:16546045,execs:981,op:havoc,rep:4
	Result: 0
	Coverage:  53.47%
	Total Coverage:  69.37%
Input: id:000066,src:000001,time:16701779,execs:990,op:havoc,rep:1
	Result: 0
	Coverage:  46.83%
	Total Coverage:  69.37%
Input: id:000067,src:000001,time:16916781,execs:1000,op:havoc,rep:4
	Result: 0
	Coverage:  46.59%
	Total Coverage:  69.37%
Input: id:000068,src:000001,time:18845305,execs:1127,op:havoc,rep:2
	Result: 0
	Coverage:  45.92%
	Total Coverage:  69.37%
Input: id:000069,src:000001,time:19446588,execs:1169,op:havoc,rep:4
	Result: 0
	Coverage:  51.71%
	Total Coverage:  69.37%
Input: id:000070,src:000001,time:20655383,execs:1244,op:havoc,rep:1
	Result: 0
	Coverage:  51.83%
	Total Coverage:  69.37%
Input: id:000071,src:000001,time:20887287,execs:1256,op:havoc,rep:4
	Result: 0
	Coverage:  46.59%
	Total Coverage:  69.37%
Input: id:000072,src:000001,time:22293619,execs:1336,op:havoc,rep:3
	Result: 0
	Coverage:  46.95%
	Total Coverage:  69.37%
Input: id:000073,src:000001,time:22995298,execs:1375,op:havoc,rep:4
	Result: 0
	Coverage:  53.65%
	Total Coverage:  69.37%
Input: id:000074,src:000001,time:23442638,execs:1405,op:havoc,rep:3
	Result: 0
	Coverage:  46.95%
	Total Coverage:  69.37%
Input: id:000075,src:000001,time:24254419,execs:1459,op:havoc,rep:4
	Result: 0
	Coverage:  53.71%
	Total Coverage:  69.37%
Input: id:000076,src:000001,time:24550295,execs:1473,op:havoc,rep:3
	Result: 0
	Coverage:  46.71%
	Total Coverage:  69.37%
Input: id:000077,src:000001,time:27316951,execs:1659,op:havoc,rep:1
	Result: 0
	Coverage:  46.83%
	Total Coverage:  69.37%
Input: id:000078,src:000001,time:28103841,execs:1702,op:havoc,rep:4
	Result: 0
	Coverage:  46.95%
	Total Coverage:  69.37%
Input: id:000079,src:000001,time:28955255,execs:1752,op:havoc,rep:4
	Result: 0
	Coverage:  46.47%
	Total Coverage:  69.37%
Input: id:000080,src:000001,time:29622230,execs:1792,op:havoc,rep:3
	Result: 0
	Coverage:  53.41%
	Total Coverage:  69.37%
Input: id:000081,src:000001,time:32139455,execs:1950,op:havoc,rep:3
	Result: 0
	Coverage:  46.47%
	Total Coverage:  69.37%
Input: id:000082,src:000001,time:36834949,execs:2241,op:havoc,rep:2
	Result: 0
	Coverage:  53.71%
	Total Coverage:  69.37%
Input: id:000083,src:000001,time:38624787,execs:2360,op:havoc,rep:2
	Result: 0
	Coverage:  54.02%
	Total Coverage:  69.37%
Input: id:000084,src:000001,time:40697399,execs:2490,op:havoc,rep:4
	Result: 0
	Coverage:  47.26%
	Total Coverage:  69.37%
Input: id:000085,src:000001,time:40952791,execs:2500,op:havoc,rep:4
	Result: 0
	Coverage:  53.05%
	Total Coverage:  69.37%
Input: id:000086,src:000001,time:41992895,execs:2565,op:havoc,rep:1
	Result: 0
	Coverage:  35.08%
	Total Coverage:  69.37%
Input: id:000087,src:000001,time:45218258,execs:2753,op:havoc,rep:4
	Result: 0
	Coverage:  46.95%
	Total Coverage:  69.37%
Input: id:000088,src:000001,time:46505975,execs:2835,op:havoc,rep:1,+cov
	Result: 0
	Coverage:  61.21%
	Total Coverage:  69.73%
Input: id:000089,src:000001,time:47157236,execs:2880,op:havoc,rep:3
	Result: 0
	Coverage:  51.46%
	Total Coverage:  69.73%
Input: id:000090,src:000001,time:48642639,execs:2970,op:havoc,rep:4
	Result: 0
	Coverage:  52.74%
	Total Coverage:  69.73%
Input: id:000091,src:000001,time:50164511,execs:3060,op:havoc,rep:2
	Result: 0
	Coverage:  46.83%
	Total Coverage:  69.73%
Input: id:000092,src:000001,time:61724475,execs:3777,op:havoc,rep:1,+cov
	Result: 0
	Coverage:  59.99%
	Total Coverage:  70.04%
Input: id:000093,src:000001,time:63064847,execs:3868,op:havoc,rep:2
	Result: 0
	Coverage:  54.51%
	Total Coverage:  70.04%
Input: id:000094,src:000001,time:67649472,execs:4171,op:havoc,rep:4
	Result: 0
	Coverage:  46.71%
	Total Coverage:  70.04%
Input: id:000095,src:000001,time:72421911,execs:4479,op:havoc,rep:1
	Result: 0
	Coverage:  46.83%
	Total Coverage:  70.04%
Input: id:000096,src:000001,time:73372311,execs:4543,op:havoc,rep:4
	Result: 0
	Coverage:  46.47%
	Total Coverage:  70.04%
Input: id:000097,src:000001,time:73792479,execs:4570,op:havoc,rep:4
	Result: 0
	Coverage:  53.29%
	Total Coverage:  70.04%
Input: id:000098,src:000001+000094,time:94664369,execs:5885,op:splice,rep:6
	Result: 0
	Coverage:  46.71%
	Total Coverage:  70.04%
Input: id:000099,src:000001+000094,time:94793024,execs:5893,op:splice,rep:2
	Result: 0
	Coverage:  51.46%
	Total Coverage:  70.04%
Input: id:000100,src:000001+000094,time:95015111,execs:5904,op:splice,rep:8
	Result: 0
	Coverage:  46.71%
	Total Coverage:  70.04%
Input: id:000101,src:000001+000062,time:97558687,execs:6021,op:splice,rep:6
	Result: 0
	Coverage:  53.71%
	Total Coverage:  70.04%
Input: id:000102,src:000027+000059,time:102593985,execs:6239,op:splice,rep:1
	Result: 0
	Coverage:  46.71%
	Total Coverage:  70.04%
Input: id:000103,src:000027+000097,time:104600531,execs:6292,op:splice,rep:3
	Result: 0
	Coverage:  53.71%
	Total Coverage:  70.04%
Input: id:000104,src:000019+000103,time:107315377,execs:6385,op:splice,rep:1
	Result: 0
	Coverage:  54.32%
	Total Coverage:  70.04%
Input: id:000105,src:000019+000103,time:108102803,execs:6408,op:splice,rep:2
	Result: 0
	Coverage:  54.32%
	Total Coverage:  70.04%
Input: id:000106,src:000019+000103,time:108883284,execs:6429,op:splice,rep:2
	Result: 0
	Coverage:  54.63%
	Total Coverage:  70.04%
Input: id:000107,src:000019+000103,time:111308397,execs:6499,op:splice,rep:1
	Result: 0
	Coverage:  54.63%
	Total Coverage:  70.04%
Input: id:000108,src:000019+000107,time:116440921,execs:6679,op:splice,rep:4
	Result: 0
	Coverage:  54.63%
	Total Coverage:  70.04%
Input: id:000109,src:000043+000007,time:122035479,execs:6893,op:splice,rep:12
	Result: 0
	Coverage:  53.53%
	Total Coverage:  70.04%
Input: id:000110,src:000003,time:124540248,execs:7008,op:havoc,rep:2
	Result: 0
	Coverage:  53.47%
	Total Coverage:  70.04%
Input: id:000111,src:000024+000045,time:136337012,execs:7514,op:splice,rep:11
	Result: 0
	Coverage:  55.85%
	Total Coverage:  70.04%
Input: id:000112,src:000004,time:150262478,execs:8075,op:havoc,rep:14
	Result: 0
	Coverage:  52.25%
	Total Coverage:  70.04%
Input: id:000113,src:000004,time:150643639,execs:8088,op:havoc,rep:2
	Result: 0
	Coverage:  45.92%
	Total Coverage:  70.04%
Input: id:000114,src:000017+000067,time:157252115,execs:8375,op:splice,rep:9
	Result: 0
	Coverage:  47.02%
	Total Coverage:  70.04%
Input: id:000115,src:000017+000067,time:157754071,execs:8389,op:splice,rep:9
	Result: 0
	Coverage:  46.47%
	Total Coverage:  70.04%
Input: id:000116,src:000017+000087,time:161023511,execs:8537,op:splice,rep:7
	Result: 0
	Coverage:  47.26%
	Total Coverage:  70.04%
Input: id:000117,src:000007+000040,time:163795411,execs:8642,op:splice,rep:6
	Result: 0
	Coverage:  54.57%
	Total Coverage:  70.04%
Input: id:000118,src:000096+000000,time:169879777,execs:8881,op:splice,rep:1
	Result: 0
	Coverage:  63.52%
	Total Coverage:  70.04%
Input: id:000119,src:000096+000000,time:170049541,execs:8891,op:splice,rep:11
	Result: 0
	Coverage:  63.89%
	Total Coverage:  70.04%
Input: id:000120,src:000096+000073,time:172056627,execs:8953,op:splice,rep:7
	Result: 0
	Coverage:  52.25%
	Total Coverage:  70.04%
Input: id:000121,src:000096+000114,time:172955327,execs:8986,op:splice,rep:7
	Result: 0
	Coverage:  52.38%
	Total Coverage:  70.04%
Input: id:000122,src:000014+000119,time:178969719,execs:9215,op:splice,rep:1
	Result: 0
	Coverage:  52.86%
	Total Coverage:  70.04%
Input: id:000123,src:000002+000116,time:186670487,execs:9556,op:splice,rep:1
	Result: 0
	Coverage:  47.02%
	Total Coverage:  70.04%
Input: id:000124,src:000002+000116,time:187206847,execs:9568,op:splice,rep:3
	Result: 0
	Coverage:  46.83%
	Total Coverage:  70.04%
Input: id:000125,src:000002+000116,time:188226977,execs:9590,op:splice,rep:2
	Result: 0
	Coverage:  47.02%
	Total Coverage:  70.04%
Input: id:000126,src:000100+000124,time:202924828,execs:10144,op:splice,rep:2
	Result: 0
	Coverage:  47.02%
	Total Coverage:  70.04%
Input: id:000127,src:000003+000117,time:233597319,execs:11470,op:splice,rep:2
	Result: 0
	Coverage:  54.63%
	Total Coverage:  70.04%
Input: id:000128,src:000032+000107,time:252014355,execs:12115,op:splice,rep:6
	Result: 0
	Coverage:  55.91%
	Total Coverage:  70.04%
Input: id:000129,src:000032+000080,time:253311259,execs:12149,op:splice,rep:2
	Result: 0
	Coverage:  54.51%
	Total Coverage:  70.04%
Input: id:000130,src:000085+000112,time:257997051,execs:12350,op:splice,rep:13
	Result: 0
	Coverage:  53.65%
	Total Coverage:  70.04%
Input: id:000131,src:000085+000121,time:260118223,execs:12415,op:splice,rep:16
	Result: 0
	Coverage:  53.84%
	Total Coverage:  70.04%
Input: id:000132,src:000043+000129,time:270858418,execs:12810,op:splice,rep:15
	Result: 0
	Coverage:  51.95%
	Total Coverage:  70.04%
Input: id:000133,src:000043+000129,time:273500723,execs:12900,op:splice,rep:1
	Result: 0
	Coverage:  53.71%
	Total Coverage:  70.04%
Input: id:000134,src:000043+000129,time:277430355,execs:13050,op:splice,rep:5
	Result: 0
	Coverage:  54.63%
	Total Coverage:  70.04%
Input: id:000135,src:000010+000120,time:309072897,execs:14293,op:splice,rep:10
	Result: 0
	Coverage:  53.29%
	Total Coverage:  70.04%
Input: id:000136,src:000007+000133,time:355591324,execs:15892,op:splice,rep:6
	Result: 0
	Coverage:  54.57%
	Total Coverage:  70.04%
Input: id:000137,src:000099+000135,time:359534036,execs:16036,op:splice,rep:2
	Result: 0
	Coverage:  53.96%
	Total Coverage:  70.04%
Input: id:000138,src:000010+000136,time:382183382,execs:16820,op:splice,rep:2
	Result: 0
	Coverage:  53.96%
	Total Coverage:  70.04%
Input: id:000139,src:000119+000090,time:404398919,execs:17578,op:splice,rep:5
	Result: 0
	Coverage:  54.32%
	Total Coverage:  70.04%
Input: id:000140,src:000119+000105,time:407255938,execs:17681,op:splice,rep:1
	Result: 0
	Coverage:  54.45%
	Total Coverage:  70.04%
Input: id:000141,src:000026+000117,time:494791187,execs:20822,op:splice,rep:1
	Result: 0
	Coverage:  52.86%
	Total Coverage:  70.04%
Input: id:000142,src:000055+000137,time:525823639,execs:21905,op:splice,rep:2
	Result: 0
	Coverage:  64.19%
	Total Coverage:  70.04%
Input: id:000143,src:000055+000137,time:526304034,execs:21915,op:splice,rep:1
	Result: 0
	Coverage:  64.25%
	Total Coverage:  70.04%
Input: id:000144,src:000067+000139,time:532081464,execs:22098,op:splice,rep:4
	Result: 0
	Coverage:  53.65%
	Total Coverage:  70.04%
Input: id:000145,src:000003+000019,time:594519075,execs:24359,op:splice,rep:8
	Result: 0
	Coverage:  53.78%
	Total Coverage:  70.04%
Input: id:000146,src:000003+000062,time:596525459,execs:24444,op:splice,rep:6
	Result: 0
	Coverage:  54.87%
	Total Coverage:  70.04%
Input: id:000147,src:000047+000129,time:671719381,execs:27223,op:splice,rep:3
	Result: 0
	Coverage:  53.05%
	Total Coverage:  70.04%
Input: id:000148,src:000060+000138,time:799436800,execs:31694,op:splice,rep:15
	Result: 0
	Coverage:  54.75%
	Total Coverage:  70.04%
Input: id:000149,src:000005+000148,time:806611646,execs:31959,op:splice,rep:2
	Result: 0
	Coverage:  54.87%
	Total Coverage:  70.04%
Input: id:000150,src:000047+000126,time:866282583,execs:34057,op:splice,rep:2
	Result: 0
	Coverage:  47.02%
	Total Coverage:  70.04%
Input: id:000151,src:000002+000060,time:966512851,execs:37642,op:splice,rep:15
	Result: 0
	Coverage:  47.08%
	Total Coverage:  70.04%
>>>[*] loaded vector table:
initial_stack_pointer:0x20000200
reset_handler:0x800070d
nmi_handler:0x0
hardfault_handler:0x80006c1
memmanage_handler:0x0
busfault_handler:0x80006d9
usagefault_handler:0x80006f1
reserved1:0x80006bf
reserved2:0x80006bf
reserved3:0x80006bf
reserved4:0x80006bf
svcall_handler:0x80006bd
reserved5:0x80006bd
reserved6:0x80006bf
pendsv_handler:0x8000975
systick_handler:0x800041d
uart1_handler:0x8000459
uart2_handler:0x8000469

>>>Uart 2 says: boot\r\n
>>>Uart 2 says: threads created\r\n
>>>Uart 1 sent: 10 00 db dc 00 00 00 00 d0 c0
>>>Uart 2 says: Good news, Everyone!\r\n
>>>Uart 1 says: 00 00 00 00 00 00 00 c0
>>>Uart 1 sent: 10 02 db dc 00 00 01 00 a5 78 c0
>>>Uart 1 says: 00 02 00 00 00 00 00 c0
>>>Uart 1 sent: 10 00 db dc 00 00 00 01 d1 c0
>>>Uart 2 says: src/main.c:179: Printing u8 param: (0x000000A5)\r\n
>>>Uart 1 says: 00 00 00 00 00 00 00 c0
>>>Uart 1 sent: 10 02 db dc 00 00 04 01 de ad be ef 0f c0
>>>Uart 1 says: 00 02 00 00 00 00 00 c0
>>>Uart 1 sent: 10 00 db dc 00 00 00 02 d2 c0
>>>Uart 2 says: src/main.c:204: Printing u32 param: (0xDEADBEEF)\r\n
>>>Uart 1 says: 00 00 00 00 00 00 00 c0
>>>Uart 1 sent: 10 00 db dc 00 00 00 00 d0 c0
>>>Uart 2 says: Good news, Everyone!\r\n
>>>Uart 1 says: 00 00 00 00 00 00 00 c0
>>>Uart 1 sent: 10 02 db dc 00 00 01 00 7d 50 c0
>>>Uart 1 says: 00 02 00 00 00 00 00 c0
>>>Uart 1 sent: 10 00 db dc 00 00 00 01 d1 c0
>>>Uart 2 says: src/main.c:179: Printing u8 param: (0x0000007D)\r\n
>>>Uart 1 says: 00 00 00 00 00 00 00 c0
>>>Uart 1 sent: 10 02 db dc 00 00 04 01 ca fe ba be 17 c0
>>>Uart 1 says: 00 02 00 00 00 00 00 c0
>>>Uart 1 sent: 10 00 db dc 00 00 00 02 d2 c0
>>>Uart 2 says: src/main.c:204: Printing u32 param: (0xCAFEBABE)\r\n
>>>Uart 1 says: 00 00 00 00 00 00 00 c0
>>>OutOfPacketsException: Ran out of Spacepackets to send
