0
65.23
0
65.23
0
65.23
0
65.23
0
65.23
0
65.23
24147
65.23
121322
66.69
292692
66.69
390100
67.30
487633
67.84
584692
68.15
706605
68.27
803645
69.79
955634
72.11
1094840
72.23
1191544
72.23
1343260
72.35
1506556
72.53
1640276
72.53
1805313
72.53
1915236
72.66
2012728
72.84
2204221
73.63
2426878
73.63
2706485
73.63
2923533
74.42
3144536
74.42
3346753
74.60
3657528
74.60
3829336
75.40
3983152
75.40
4162658
75.40
4552632
75.52
4868756
75.76
5060852
75.76
5477268
75.76
5738113
75.76
5884262
75.76
6002200
75.76
6183102
75.76
6385570
75.76
6782900
75.76
7028912
75.76
7255149
75.76
7628896
75.76
7838498
75.76
8222111
75.88
8460192
75.88
8758420
75.88
9001432
75.88
9271159
75.88
9620052
76.19
9953623
76.19
10307487
76.19
10494779
76.19
11014577
76.19
11388852
76.19
11674420
76.19
12039749
76.49
12285854
76.49
12555311
76.49
13028692
76.49
13315552
76.74
13704793
77.47
13876540
78.20
14001399
78.20
14679352
78.20
14950928
78.20
15138159
78.20
15460543
78.99
15748190
78.99
16224292
78.99
16678744
78.99
17005759
78.99
17338815
78.99
18315007
78.99
18922704
78.99
20206362
78.99
20477661
79.48
20748984
79.48
20995641
79.48
21616816
79.48
22284212
79.48
22804147
79.48
23560539
79.48
23982050
79.48
24230193
79.48
24630680
79.48
25258169
79.48
25882371
79.48
26415631
79.48
26943288
79.48
27420803
79.48
29353972
79.48
29930546
79.48
31103551
79.48
31383966
79.48
31913383
79.48
32497715
79.48
33217144
79.48
33779769
79.48
34290391
79.48
34661524
79.48
35680912
79.48
36370326
79.48
37315284
79.48
38027945
79.48
38334420
79.48
38572485
79.48
38826068
79.48
39102869
79.48
40102996
79.48
40981048
79.48
41449816
79.48
42523604
79.48
43891573
79.48
46092340
79.48
48160796
79.48
48499224
79.48
49106397
79.48
51225404
79.48
54098520
79.48
58191119
79.48
59090168
79.48
59812802
79.48
61815823
79.48
63310375
79.48
63680605
79.48
64032743
79.48
64560802
79.48
66432765
79.48
67938572
79.48
75379386
79.48
82049850
79.48
86475446
79.48
88105460
79.48
90732628
79.48
92567316
79.48
93801044
79.48
95417464
79.48
95790964
79.48
96219792
79.48
103906256
79.48
104356726
79.48
106649707
79.48
107928532
79.48
108336061
79.48
109010658
79.48
109855027
79.48
111402515
79.48
112493726
79.48
115721670
79.48
116132630
79.48
116489940
79.48
117674968
79.48
117995152
79.48
119624528
79.48
120797264
79.48
122023320
79.48
142242396
79.48
143696052
79.48
149730800
79.48
150538692
79.48
166759612
79.48
168131932
79.48
171179828
79.48
172781880
79.48
173256848
79.48
174671892
79.48
176698264
79.48
178668804
79.48
179407829
79.48
182266646
79.48
184203282
79.48
185035330
79.48
192621304
79.48
196068560
79.48
200849816
79.48
217692724
79.48
219154913
79.48
221608783
79.48
222113108
79.48
231965150
79.48
235836478
79.48
238900824
79.48
240794909
79.48
254605012
79.48
257924084
79.48
267934224
79.48
268838404
79.48
271408180
79.48
277421304
79.48
280258525
79.54
280480301
79.54
288494544
79.54
288701912
79.54
289304632
79.54
289535508
79.54
290132415
79.54
290710260
79.54
290940528
79.54
292408671
79.54
297366224
79.54
298771128
79.54
308158554
79.54
308893306
79.54
310267775
79.54
313996929
79.54
314659252
79.54
319942064
79.54
327750068
79.54
343177860
79.54
343540258
79.54
357782314
79.54
442018913
79.54
443794000
79.54
444181615
79.54
444582260
79.54
446047412
79.54
448117335
79.54
448463440
79.54
449582159
79.54
449998264
79.54
451708855
79.54
453443442
79.54
454559357
79.54
455034899
79.54
462531564
79.54
464931137
79.54
470138864
79.54
473526200
79.54
475382913
79.54
483222205
79.54
484225377
79.54
486437151
79.54
508810900
79.54
516119064
79.54
516468440
79.54
516802580
79.54
516988064
79.54
517264688
79.54
517819060
79.54
518635892
79.54
518926317
79.54
519201808
79.54
521269838
79.54
521801176
79.54
523088751
79.54
523593788
79.54
524465513
79.54
524702960
79.54
525002836
79.54
526082254
79.54
526859508
79.54
527885074
79.54
529324440
79.54
529957700
79.54
532997055
79.54
533692820
79.54
536357111
79.54
537188346
79.54
538956129
79.54
539362770
79.54
540771531
79.54
541503711
79.54
543237210
79.54
545061967
79.54
546522092
79.54
549303760
79.54
554681920
79.54
555277400
79.54
555620052
79.54
556295032
79.54
556561048
79.54
557799136
79.54
560822584
79.54
562720116
79.54
566332775
79.54
567046816
79.54
572126032
79.54
579280129
79.54
580060272
79.54
581334112
79.54
598329238
79.54
598562356
79.54
599046280
79.54
599427804
79.54
600195157
79.54
600452918
79.54
600678843
79.54
601201744
79.54
601730097
79.54
602164240
79.54
602701684
79.54
603710868
79.54
605709333
79.54
607240255
79.54
610856152
79.54
611755678
79.54
625786990
79.54
635384815
79.54
639830745
79.54
641063653
79.54
662528156
79.54
662924823
79.54
675342644
79.54
676336240
79.54
683596880
79.54
715465844
79.54
717445208
79.54
722906772
79.54
761295860
79.54
789583800
79.54
812688756
79.54
813728696
79.54
814367357
79.54
819430036
79.54
819729536
79.54
821925856
79.54
837420630
79.54
837703898
79.54
838045431
79.54
838401551
79.54
838695924
79.54
839674201
79.54
840098644
79.54
841487743
79.54
842205684
79.54
845428500
79.54
847196376
79.54
862378419
79.54
875359446
79.54
877234310
79.54
878885688
79.54
880558437
79.54
885047474
79.54
889068800
79.54
891491236
79.54
893928703
79.54
894177681
79.54
894417108
79.54
895078996
79.54
895673712
79.54
896225598
79.54
897615956
79.54
899383728
79.54
899676955
79.54
901625709
79.54
902017204
79.54
903811776
79.54
908083325
79.54
909049377
79.54
911939421
79.54
913591629
79.54
917885656
79.54
919959064
79.54
928478360
79.54
947653524
79.54
957460798
79.54
957802580
79.54
958047798
79.54
958409950
79.54
959071672
79.54
962313365
79.54
962664632
79.54
966486680
79.54
967293337
79.54
969205528
79.54
973174080
79.54
973429822
79.54
977727710
79.54
1004169784
79.54
1026614871
79.54
1027312191
79.54
1062045496
79.54
1070895299
79.54
1081850393
79.54
1123721240
79.54
1132881091
79.54
