Input: id:000000,time:0,execs:0,orig:all_together.bin
	Result: 0
	Coverage:  65.23%
	Total Coverage:  65.23%
Input: id:000001,time:0,execs:0,orig:hello_action.bin
	Result: 0
	Coverage:  59.68%
	Total Coverage:  65.23%
Input: id:000002,time:0,execs:0,orig:print_u32_param.bin
	Result: 0
	Coverage:  61.81%
	Total Coverage:  65.23%
Input: id:000003,time:0,execs:0,orig:print_u8_param.bin
	Result: 0
	Coverage:  61.81%
	Total Coverage:  65.23%
Input: id:000004,time:0,execs:0,orig:set_u32_param.bin
	Result: 0
	Coverage:  60.48%
	Total Coverage:  65.23%
Input: id:000005,time:0,execs:0,orig:set_u8_param.bin
	Result: 0
	Coverage:  60.05%
	Total Coverage:  65.23%
Input: id:000006,src:000001,time:24147,execs:44,op:quick,pos:0
	Result: 0
	Coverage:  59.32%
	Total Coverage:  65.23%
Input: id:000007,src:000001,time:121322,execs:52,op:quick,pos:1,+cov
	Result: 0
	Coverage:  61.33%
	Total Coverage:  66.69%
Input: id:000008,src:000001,time:292692,execs:66,op:flip1,pos:0
	Result: 0
	Coverage:  59.44%
	Total Coverage:  66.69%
Input: id:000009,src:000001,time:390100,execs:74,op:flip1,pos:0,+cov
	Result: 0
	Coverage:  53.41%
	Total Coverage:  67.30%
Input: id:000010,src:000001,time:487633,execs:82,op:flip1,pos:0,+cov
	Result: 0
	Coverage:  54.63%
	Total Coverage:  67.84%
Input: id:000011,src:000001,time:584692,execs:90,op:flip1,pos:0,+cov
	Result: 0
	Coverage:  50.85%
	Total Coverage:  68.15%
Input: id:000012,src:000001,time:706605,execs:100,op:flip1,pos:1,+cov
	Result: 0
	Coverage:  60.90%
	Total Coverage:  68.27%
Input: id:000013,src:000001,time:803645,execs:108,op:flip1,pos:1,+cov
	Result: 0
	Coverage:  59.87%
	Total Coverage:  69.79%
Input: id:000014,src:000001,time:955634,execs:120,op:havoc,rep:3,+cov
	Result: 0
	Coverage:  62.00%
	Total Coverage:  72.11%
Input: id:000015,src:000001,time:1094840,execs:128,op:havoc,rep:1,+cov
	Result: 0
	Coverage:  61.45%
	Total Coverage:  72.23%
Input: id:000016,src:000001,time:1191544,execs:136,op:havoc,rep:1
	Result: 0
	Coverage:  35.08%
	Total Coverage:  72.23%
Input: id:000017,src:000001,time:1343260,execs:148,op:havoc,rep:4,+cov
	Result: 0
	Coverage:  61.21%
	Total Coverage:  72.35%
Input: id:000018,src:000001,time:1506556,execs:159,op:havoc,rep:1,+cov
	Result: 0
	Coverage:  61.33%
	Total Coverage:  72.53%
Input: id:000019,src:000001,time:1640276,execs:170,op:havoc,rep:4
	Result: 0
	Coverage:  51.10%
	Total Coverage:  72.53%
Input: id:000020,src:000001,time:1805313,execs:183,op:havoc,rep:3
	Result: 0
	Coverage:  50.85%
	Total Coverage:  72.53%
Input: id:000021,src:000001,time:1915236,execs:192,op:havoc,rep:4,+cov
	Result: 0
	Coverage:  52.07%
	Total Coverage:  72.66%
Input: id:000022,src:000001,time:2012728,execs:200,op:havoc,rep:2,+cov
	Result: 0
	Coverage:  61.27%
	Total Coverage:  72.84%
Input: id:000023,src:000001,time:2204221,execs:215,op:havoc,rep:4,+cov
	Result: 0
	Coverage:  64.92%
	Total Coverage:  73.63%
Input: id:000024,src:000001,time:2426878,execs:227,op:havoc,rep:2
	Result: 0
	Coverage:  62.67%
	Total Coverage:  73.63%
Input: id:000025,src:000001,time:2706485,execs:240,op:havoc,rep:4
	Result: 0
	Coverage:  50.97%
	Total Coverage:  73.63%
Input: id:000026,src:000001,time:2923533,execs:253,op:havoc,rep:3,+cov
	Result: 0
	Coverage:  63.64%
	Total Coverage:  74.42%
Input: id:000027,src:000001,time:3144536,execs:262,op:havoc,rep:1
	Result: 0
	Coverage:  61.75%
	Total Coverage:  74.42%
Input: id:000028,src:000001,time:3346753,execs:275,op:havoc,rep:2,+cov
	Result: 0
	Coverage:  61.33%
	Total Coverage:  74.60%
Input: id:000029,src:000001,time:3657528,execs:300,op:havoc,rep:4
	Result: 0
	Coverage:  53.41%
	Total Coverage:  74.60%
Input: id:000030,src:000001,time:3829336,execs:311,op:havoc,rep:4,+cov
	Result: 0
	Coverage:  60.66%
	Total Coverage:  75.40%
Input: id:000031,src:000001,time:3983152,execs:323,op:havoc,rep:2
	Result: 0
	Coverage:  62.12%
	Total Coverage:  75.40%
Input: id:000032,src:000001,time:4162658,execs:332,op:havoc,rep:2
	Result: 0
	Coverage:  62.36%
	Total Coverage:  75.40%
Input: id:000033,src:000001,time:4552632,execs:351,op:havoc,rep:2,+cov
	Result: 0
	Coverage:  51.95%
	Total Coverage:  75.52%
Input: id:000034,src:000001,time:4868756,execs:376,op:havoc,rep:4,+cov
	Result: 0
	Coverage:  62.00%
	Total Coverage:  75.76%
Input: id:000035,src:000001,time:5060852,execs:392,op:havoc,rep:1,+cov
	Result: 0
	Coverage:  60.90%
	Total Coverage:  75.76%
Input: id:000036,src:000001,time:5477268,execs:421,op:havoc,rep:3
	Result: 0
	Coverage:  64.37%
	Total Coverage:  75.76%
Input: id:000037,src:000001,time:5738113,execs:430,op:havoc,rep:4
	Result: 0
	Coverage:  62.61%
	Total Coverage:  75.76%
Input: id:000038,src:000001,time:5884262,execs:441,op:havoc,rep:3
	Result: 0
	Coverage:  50.97%
	Total Coverage:  75.76%
Input: id:000039,src:000001,time:6002200,execs:450,op:havoc,rep:3
	Result: 0
	Coverage:  66.02%
	Total Coverage:  75.76%
Input: id:000040,src:000001,time:6183102,execs:459,op:havoc,rep:1
	Result: 0
	Coverage:  61.51%
	Total Coverage:  75.76%
Input: id:000041,src:000001,time:6385570,execs:467,op:havoc,rep:4
	Result: 0
	Coverage:  53.41%
	Total Coverage:  75.76%
Input: id:000042,src:000001,time:6782900,execs:492,op:havoc,rep:4
	Result: 0
	Coverage:  63.95%
	Total Coverage:  75.76%
Input: id:000043,src:000001,time:7028912,execs:502,op:havoc,rep:4
	Result: 0
	Coverage:  61.88%
	Total Coverage:  75.76%
Input: id:000044,src:000001,time:7255149,execs:514,op:havoc,rep:2
	Result: 0
	Coverage:  65.23%
	Total Coverage:  75.76%
Input: id:000045,src:000001,time:7628896,execs:523,op:havoc,rep:4
	Result: 0
	Coverage:  62.85%
	Total Coverage:  75.76%
Input: id:000046,src:000001,time:7838498,execs:534,op:havoc,rep:4
	Result: 0
	Coverage:  59.68%
	Total Coverage:  75.76%
Input: id:000047,src:000001,time:8222111,execs:560,op:havoc,rep:3,+cov
	Result: 0
	Coverage:  52.74%
	Total Coverage:  75.88%
Input: id:000048,src:000001,time:8460192,execs:574,op:havoc,rep:2
	Result: 0
	Coverage:  64.07%
	Total Coverage:  75.88%
Input: id:000049,src:000001,time:8758420,execs:589,op:havoc,rep:4
	Result: 0
	Coverage:  54.63%
	Total Coverage:  75.88%
Input: id:000050,src:000001,time:9001432,execs:603,op:havoc,rep:3
	Result: 0
	Coverage:  61.88%
	Total Coverage:  75.88%
Input: id:000051,src:000001,time:9271159,execs:619,op:havoc,rep:4
	Result: 0
	Coverage:  63.46%
	Total Coverage:  75.88%
Input: id:000052,src:000001,time:9620052,execs:635,op:havoc,rep:4,+cov
	Result: 0
	Coverage:  62.91%
	Total Coverage:  76.19%
Input: id:000053,src:000001,time:9953623,execs:644,op:havoc,rep:3
	Result: 0
	Coverage:  61.57%
	Total Coverage:  76.19%
Input: id:000054,src:000001,time:10307487,execs:653,op:havoc,rep:2
	Result: 0
	Coverage:  50.97%
	Total Coverage:  76.19%
Input: id:000055,src:000001,time:10494779,execs:666,op:havoc,rep:3
	Result: 0
	Coverage:  62.85%
	Total Coverage:  76.19%
Input: id:000056,src:000001,time:11014577,execs:690,op:havoc,rep:3
	Result: 0
	Coverage:  66.50%
	Total Coverage:  76.19%
Input: id:000057,src:000001,time:11388852,execs:711,op:havoc,rep:2
	Result: 0
	Coverage:  63.52%
	Total Coverage:  76.19%
Input: id:000058,src:000001,time:11674420,execs:724,op:havoc,rep:3
	Result: 0
	Coverage:  68.39%
	Total Coverage:  76.19%
Input: id:000059,src:000001,time:12039749,execs:737,op:havoc,rep:4,+cov
	Result: 0
	Coverage:  64.92%
	Total Coverage:  76.49%
Input: id:000060,src:000001,time:12285854,execs:750,op:havoc,rep:3
	Result: 0
	Coverage:  50.85%
	Total Coverage:  76.49%
Input: id:000061,src:000001,time:12555311,execs:768,op:havoc,rep:3
	Result: 0
	Coverage:  62.06%
	Total Coverage:  76.49%
Input: id:000062,src:000001,time:13028692,execs:789,op:havoc,rep:4
	Result: 0
	Coverage:  66.69%
	Total Coverage:  76.49%
Input: id:000063,src:000001,time:13315552,execs:798,op:havoc,rep:3,+cov
	Result: 0
	Coverage:  64.43%
	Total Coverage:  76.74%
Input: id:000064,src:000001,time:13704793,execs:820,op:havoc,rep:2,+cov
	Result: 0
	Coverage:  60.11%
	Total Coverage:  77.47%
Input: id:000065,src:000001,time:13876540,execs:834,op:havoc,rep:3,+cov
	Result: 0
	Coverage:  60.11%
	Total Coverage:  78.20%
Input: id:000066,src:000001,time:14001399,execs:843,op:havoc,rep:1
	Result: 0
	Coverage:  59.68%
	Total Coverage:  78.20%
Input: id:000067,src:000001,time:14679352,execs:878,op:havoc,rep:4
	Result: 0
	Coverage:  60.66%
	Total Coverage:  78.20%
Input: id:000068,src:000001,time:14950928,execs:889,op:havoc,rep:2
	Result: 0
	Coverage:  63.82%
	Total Coverage:  78.20%
Input: id:000069,src:000001,time:15138159,execs:898,op:havoc,rep:3
	Result: 0
	Coverage:  53.65%
	Total Coverage:  78.20%
Input: id:000070,src:000001,time:15460543,execs:909,op:havoc,rep:2,+cov
	Result: 0
	Coverage:  60.66%
	Total Coverage:  78.99%
Input: id:000071,src:000001,time:15748190,execs:931,op:havoc,rep:1
	Result: 0
	Coverage:  63.82%
	Total Coverage:  78.99%
Input: id:000072,src:000001,time:16224292,execs:961,op:havoc,rep:4
	Result: 0
	Coverage:  61.63%
	Total Coverage:  78.99%
Input: id:000073,src:000001,time:16678744,execs:983,op:havoc,rep:4
	Result: 0
	Coverage:  54.14%
	Total Coverage:  78.99%
Input: id:000074,src:000001,time:17005759,execs:992,op:havoc,rep:2
	Result: 0
	Coverage:  63.03%
	Total Coverage:  78.99%
Input: id:000075,src:000001,time:17338815,execs:1010,op:havoc,rep:4
	Result: 0
	Coverage:  63.58%
	Total Coverage:  78.99%
Input: id:000076,src:000001,time:18315007,execs:1067,op:havoc,rep:4
	Result: 0
	Coverage:  65.23%
	Total Coverage:  78.99%
Input: id:000077,src:000001,time:18922704,execs:1090,op:havoc,rep:4
	Result: 0
	Coverage:  64.07%
	Total Coverage:  78.99%
Input: id:000078,src:000001,time:20206362,execs:1159,op:havoc,rep:3
	Result: 0
	Coverage:  62.18%
	Total Coverage:  78.99%
Input: id:000079,src:000001,time:20477661,execs:1174,op:havoc,rep:2,+cov
	Result: 0
	Coverage:  60.41%
	Total Coverage:  79.48%
Input: id:000080,src:000001,time:20748984,execs:1192,op:havoc,rep:3
	Result: 0
	Coverage:  62.06%
	Total Coverage:  79.48%
Input: id:000081,src:000001,time:20995641,execs:1206,op:havoc,rep:4
	Result: 0
	Coverage:  62.00%
	Total Coverage:  79.48%
Input: id:000082,src:000001,time:21616816,execs:1241,op:havoc,rep:4
	Result: 0
	Coverage:  63.70%
	Total Coverage:  79.48%
Input: id:000083,src:000001,time:22284212,execs:1283,op:havoc,rep:4
	Result: 0
	Coverage:  63.46%
	Total Coverage:  79.48%
Input: id:000084,src:000001,time:22804147,execs:1306,op:havoc,rep:4
	Result: 0
	Coverage:  63.34%
	Total Coverage:  79.48%
Input: id:000085,src:000001,time:23560539,execs:1350,op:havoc,rep:2
	Result: 0
	Coverage:  64.98%
	Total Coverage:  79.48%
Input: id:000086,src:000001,time:23982050,execs:1369,op:havoc,rep:2
	Result: 0
	Coverage:  63.82%
	Total Coverage:  79.48%
Input: id:000087,src:000001,time:24230193,execs:1378,op:havoc,rep:4
	Result: 0
	Coverage:  62.18%
	Total Coverage:  79.48%
Input: id:000088,src:000001,time:24630680,execs:1401,op:havoc,rep:3
	Result: 0
	Coverage:  54.57%
	Total Coverage:  79.48%
Input: id:000089,src:000001,time:25258169,execs:1433,op:havoc,rep:3
	Result: 0
	Coverage:  64.68%
	Total Coverage:  79.48%
Input: id:000090,src:000001,time:25882371,execs:1473,op:havoc,rep:2
	Result: 0
	Coverage:  61.88%
	Total Coverage:  79.48%
Input: id:000091,src:000001,time:26415631,execs:1498,op:havoc,rep:3
	Result: 0
	Coverage:  66.14%
	Total Coverage:  79.48%
Input: id:000092,src:000001,time:26943288,execs:1523,op:havoc,rep:2
	Result: 0
	Coverage:  62.06%
	Total Coverage:  79.48%
Input: id:000093,src:000001,time:27420803,execs:1542,op:havoc,rep:4
	Result: 0
	Coverage:  62.00%
	Total Coverage:  79.48%
Input: id:000094,src:000001,time:29353972,execs:1666,op:havoc,rep:2
	Result: 0
	Coverage:  62.42%
	Total Coverage:  79.48%
Input: id:000095,src:000001,time:29930546,execs:1693,op:havoc,rep:2
	Result: 0
	Coverage:  64.37%
	Total Coverage:  79.48%
Input: id:000096,src:000001,time:31103551,execs:1766,op:havoc,rep:2
	Result: 0
	Coverage:  62.00%
	Total Coverage:  79.48%
Input: id:000097,src:000001,time:31383966,execs:1775,op:havoc,rep:2
	Result: 0
	Coverage:  67.42%
	Total Coverage:  79.48%
Input: id:000098,src:000001,time:31913383,execs:1794,op:havoc,rep:4
	Result: 0
	Coverage:  50.97%
	Total Coverage:  79.48%
Input: id:000099,src:000001,time:32497715,execs:1831,op:havoc,rep:1
	Result: 0
	Coverage:  54.14%
	Total Coverage:  79.48%
Input: id:000100,src:000001,time:33217144,execs:1872,op:havoc,rep:2
	Result: 0
	Coverage:  50.97%
	Total Coverage:  79.48%
Input: id:000101,src:000001,time:33779769,execs:1913,op:havoc,rep:3
	Result: 0
	Coverage:  61.21%
	Total Coverage:  79.48%
Input: id:000102,src:000001,time:34290391,execs:1944,op:havoc,rep:3
	Result: 0
	Coverage:  62.48%
	Total Coverage:  79.48%
Input: id:000103,src:000001,time:34661524,execs:1965,op:havoc,rep:4
	Result: 0
	Coverage:  63.89%
	Total Coverage:  79.48%
Input: id:000104,src:000001,time:35680912,execs:2029,op:havoc,rep:3
	Result: 0
	Coverage:  66.26%
	Total Coverage:  79.48%
Input: id:000105,src:000001,time:36370326,execs:2069,op:havoc,rep:2
	Result: 0
	Coverage:  60.66%
	Total Coverage:  79.48%
Input: id:000106,src:000001,time:37315284,execs:2124,op:havoc,rep:3
	Result: 0
	Coverage:  50.85%
	Total Coverage:  79.48%
Input: id:000107,src:000001,time:38027945,execs:2167,op:havoc,rep:3
	Result: 0
	Coverage:  62.42%
	Total Coverage:  79.48%
Input: id:000108,src:000001,time:38334420,execs:2181,op:havoc,rep:4
	Result: 0
	Coverage:  63.52%
	Total Coverage:  79.48%
Input: id:000109,src:000001,time:38572485,execs:2191,op:havoc,rep:2
	Result: 0
	Coverage:  64.86%
	Total Coverage:  79.48%
Input: id:000110,src:000001,time:38826068,execs:2200,op:havoc,rep:3
	Result: 0
	Coverage:  64.68%
	Total Coverage:  79.48%
Input: id:000111,src:000001,time:39102869,execs:2210,op:havoc,rep:3
	Result: 0
	Coverage:  59.68%
	Total Coverage:  79.48%
Input: id:000112,src:000001,time:40102996,execs:2276,op:havoc,rep:4
	Result: 0
	Coverage:  63.95%
	Total Coverage:  79.48%
Input: id:000113,src:000001,time:40981048,execs:2328,op:havoc,rep:3
	Result: 0
	Coverage:  65.29%
	Total Coverage:  79.48%
Input: id:000114,src:000001,time:41449816,execs:2348,op:havoc,rep:4
	Result: 0
	Coverage:  62.00%
	Total Coverage:  79.48%
Input: id:000115,src:000001,time:42523604,execs:2412,op:havoc,rep:2
	Result: 0
	Coverage:  63.82%
	Total Coverage:  79.48%
Input: id:000116,src:000001,time:43891573,execs:2498,op:havoc,rep:3
	Result: 0
	Coverage:  62.85%
	Total Coverage:  79.48%
Input: id:000117,src:000001,time:46092340,execs:2647,op:havoc,rep:2
	Result: 0
	Coverage:  62.55%
	Total Coverage:  79.48%
Input: id:000118,src:000001,time:48160796,execs:2774,op:havoc,rep:4
	Result: 0
	Coverage:  64.80%
	Total Coverage:  79.48%
Input: id:000119,src:000001,time:48499224,execs:2787,op:havoc,rep:4
	Result: 0
	Coverage:  64.37%
	Total Coverage:  79.48%
Input: id:000120,src:000001,time:49106397,execs:2816,op:havoc,rep:4
	Result: 0
	Coverage:  64.37%
	Total Coverage:  79.48%
Input: id:000121,src:000001,time:51225404,execs:2957,op:havoc,rep:1
	Result: 0
	Coverage:  62.06%
	Total Coverage:  79.48%
Input: id:000122,src:000001,time:54098520,execs:3128,op:havoc,rep:2
	Result: 0
	Coverage:  54.93%
	Total Coverage:  79.48%
Input: id:000123,src:000001,time:58191119,execs:3396,op:havoc,rep:3
	Result: 0
	Coverage:  62.12%
	Total Coverage:  79.48%
Input: id:000124,src:000001,time:59090168,execs:3451,op:havoc,rep:1
	Result: 0
	Coverage:  62.12%
	Total Coverage:  79.48%
Input: id:000125,src:000001,time:59812802,execs:3492,op:havoc,rep:4
	Result: 0
	Coverage:  63.95%
	Total Coverage:  79.48%
Input: id:000126,src:000001,time:61815823,execs:3610,op:havoc,rep:3
	Result: 0
	Coverage:  62.06%
	Total Coverage:  79.48%
Input: id:000127,src:000001,time:63310375,execs:3704,op:havoc,rep:4
	Result: 0
	Coverage:  63.82%
	Total Coverage:  79.48%
Input: id:000128,src:000001,time:63680605,execs:3715,op:havoc,rep:2
	Result: 0
	Coverage:  52.19%
	Total Coverage:  79.48%
Input: id:000129,src:000001,time:64032743,execs:3735,op:havoc,rep:4
	Result: 0
	Coverage:  62.24%
	Total Coverage:  79.48%
Input: id:000130,src:000001,time:64560802,execs:3762,op:havoc,rep:4
	Result: 0
	Coverage:  64.25%
	Total Coverage:  79.48%
Input: id:000131,src:000001,time:66432765,execs:3871,op:havoc,rep:2
	Result: 0
	Coverage:  64.07%
	Total Coverage:  79.48%
Input: id:000132,src:000001,time:67938572,execs:3955,op:havoc,rep:3
	Result: 0
	Coverage:  64.07%
	Total Coverage:  79.48%
Input: id:000133,src:000001,time:75379386,execs:4452,op:havoc,rep:4
	Result: 0
	Coverage:  67.30%
	Total Coverage:  79.48%
Input: id:000134,src:000001,time:82049850,execs:4880,op:havoc,rep:3
	Result: 0
	Coverage:  65.41%
	Total Coverage:  79.48%
Input: id:000135,src:000001,time:86475446,execs:5153,op:havoc,rep:4
	Result: 0
	Coverage:  65.35%
	Total Coverage:  79.48%
Input: id:000136,src:000001,time:88105460,execs:5245,op:havoc,rep:4
	Result: 0
	Coverage:  66.81%
	Total Coverage:  79.48%
Input: id:000137,src:000001,time:90732628,execs:5394,op:havoc,rep:4
	Result: 0
	Coverage:  60.66%
	Total Coverage:  79.48%
Input: id:000138,src:000001,time:92567316,execs:5505,op:havoc,rep:1
	Result: 0
	Coverage:  62.55%
	Total Coverage:  79.48%
Input: id:000139,src:000001,time:93801044,execs:5573,op:havoc,rep:2
	Result: 0
	Coverage:  62.00%
	Total Coverage:  79.48%
Input: id:000140,src:000001,time:95417464,execs:5678,op:havoc,rep:2
	Result: 0
	Coverage:  50.85%
	Total Coverage:  79.48%
Input: id:000141,src:000001,time:95790964,execs:5703,op:havoc,rep:1
	Result: 0
	Coverage:  61.75%
	Total Coverage:  79.48%
Input: id:000142,src:000001,time:96219792,execs:5725,op:havoc,rep:4
	Result: 0
	Coverage:  64.13%
	Total Coverage:  79.48%
Input: id:000143,src:000059+000087,time:103906256,execs:6183,op:splice,rep:7
	Result: 0
	Coverage:  66.08%
	Total Coverage:  79.48%
Input: id:000144,src:000059+000087,time:104356726,execs:6196,op:splice,rep:8
	Result: 0
	Coverage:  67.48%
	Total Coverage:  79.48%
Input: id:000145,src:000059+000042,time:106649707,execs:6272,op:splice,rep:7
	Result: 0
	Coverage:  64.56%
	Total Coverage:  79.48%
Input: id:000146,src:000059+000115,time:107928532,execs:6313,op:splice,rep:3
	Result: 0
	Coverage:  63.64%
	Total Coverage:  79.48%
Input: id:000147,src:000059+000115,time:108336061,execs:6324,op:splice,rep:8
	Result: 0
	Coverage:  64.31%
	Total Coverage:  79.48%
Input: id:000148,src:000059+000115,time:109010658,execs:6341,op:splice,rep:5
	Result: 0
	Coverage:  65.10%
	Total Coverage:  79.48%
Input: id:000149,src:000059+000115,time:109855027,execs:6365,op:splice,rep:4
	Result: 0
	Coverage:  64.98%
	Total Coverage:  79.48%
Input: id:000150,src:000059+000115,time:111402515,execs:6411,op:splice,rep:5
	Result: 0
	Coverage:  64.68%
	Total Coverage:  79.48%
Input: id:000151,src:000059+000115,time:112493726,execs:6442,op:splice,rep:7
	Result: 0
	Coverage:  53.96%
	Total Coverage:  79.48%
Input: id:000152,src:000059+000115,time:115721670,execs:6537,op:splice,rep:4
	Result: 0
	Coverage:  65.29%
	Total Coverage:  79.48%
Input: id:000153,src:000059+000115,time:116132630,execs:6549,op:splice,rep:7
	Result: 0
	Coverage:  66.02%
	Total Coverage:  79.48%
Input: id:000154,src:000059+000115,time:116489940,execs:6559,op:splice,rep:4
	Result: 0
	Coverage:  64.98%
	Total Coverage:  79.48%
Input: id:000155,src:000059+000115,time:117674968,execs:6598,op:splice,rep:4
	Result: 0
	Coverage:  65.10%
	Total Coverage:  79.48%
Input: id:000156,src:000059+000115,time:117995152,execs:6607,op:splice,rep:8
	Result: 0
	Coverage:  65.96%
	Total Coverage:  79.48%
Input: id:000157,src:000059+000115,time:119624528,execs:6659,op:splice,rep:7
	Result: 0
	Coverage:  65.35%
	Total Coverage:  79.48%
Input: id:000158,src:000059+000115,time:120797264,execs:6696,op:splice,rep:4
	Result: 0
	Coverage:  64.31%
	Total Coverage:  79.48%
Input: id:000159,src:000059+000115,time:122023320,execs:6733,op:splice,rep:3
	Result: 0
	Coverage:  68.39%
	Total Coverage:  79.48%
Input: id:000160,src:000059+000115,time:142242396,execs:7349,op:splice,rep:5
	Result: 0
	Coverage:  57.13%
	Total Coverage:  79.48%
Input: id:000161,src:000059+000115,time:143696052,execs:7391,op:splice,rep:4
	Result: 0
	Coverage:  64.62%
	Total Coverage:  79.48%
Input: id:000162,src:000059+000115,time:149730800,execs:7563,op:splice,rep:1
	Result: 0
	Coverage:  65.29%
	Total Coverage:  79.48%
Input: id:000163,src:000059+000115,time:150538692,execs:7584,op:splice,rep:7
	Result: 0
	Coverage:  66.02%
	Total Coverage:  79.48%
Input: id:000164,src:000059+000049,time:166759612,execs:8071,op:splice,rep:2
	Result: 0
	Coverage:  64.98%
	Total Coverage:  79.48%
Input: id:000165,src:000047,time:168131932,execs:8124,op:havoc,rep:4
	Result: 0
	Coverage:  52.98%
	Total Coverage:  79.48%
Input: id:000166,src:000047+000066,time:171179828,execs:8288,op:splice,rep:2
	Result: 0
	Coverage:  59.68%
	Total Coverage:  79.48%
Input: id:000167,src:000047+000152,time:172781880,execs:8341,op:splice,rep:4
	Result: 0
	Coverage:  64.43%
	Total Coverage:  79.48%
Input: id:000168,src:000047+000152,time:173256848,execs:8352,op:splice,rep:4
	Result: 0
	Coverage:  63.76%
	Total Coverage:  79.48%
Input: id:000169,src:000047+000152,time:174671892,execs:8389,op:splice,rep:8
	Result: 0
	Coverage:  66.63%
	Total Coverage:  79.48%
Input: id:000170,src:000047+000152,time:176698264,execs:8441,op:splice,rep:7
	Result: 0
	Coverage:  64.74%
	Total Coverage:  79.48%
Input: id:000171,src:000047+000152,time:178668804,execs:8493,op:splice,rep:6
	Result: 0
	Coverage:  65.59%
	Total Coverage:  79.48%
Input: id:000172,src:000047+000152,time:179407829,execs:8512,op:splice,rep:1
	Result: 0
	Coverage:  63.76%
	Total Coverage:  79.48%
Input: id:000173,src:000047+000152,time:182266646,execs:8591,op:splice,rep:6
	Result: 0
	Coverage:  64.31%
	Total Coverage:  79.48%
Input: id:000174,src:000047+000152,time:184203282,execs:8643,op:splice,rep:2
	Result: 0
	Coverage:  64.86%
	Total Coverage:  79.48%
Input: id:000175,src:000047+000152,time:185035330,execs:8663,op:splice,rep:2
	Result: 0
	Coverage:  63.76%
	Total Coverage:  79.48%
Input: id:000176,src:000047+000152,time:192621304,execs:8875,op:splice,rep:6
	Result: 0
	Coverage:  65.47%
	Total Coverage:  79.48%
Input: id:000177,src:000047+000152,time:196068560,execs:8970,op:splice,rep:8
	Result: 0
	Coverage:  62.85%
	Total Coverage:  79.48%
Input: id:000178,src:000047+000152,time:200849816,execs:9107,op:splice,rep:4
	Result: 0
	Coverage:  64.74%
	Total Coverage:  79.48%
Input: id:000179,src:000009,time:217692724,execs:9649,op:havoc,rep:1
	Result: 0
	Coverage:  63.70%
	Total Coverage:  79.48%
Input: id:000180,src:000004+000058,time:219154913,execs:9724,op:splice,rep:5
	Result: 0
	Coverage:  67.17%
	Total Coverage:  79.48%
Input: id:000181,src:000004+000056,time:221608783,execs:9794,op:splice,rep:2
	Result: 0
	Coverage:  67.72%
	Total Coverage:  79.48%
Input: id:000182,src:000004+000056,time:222113108,execs:9809,op:splice,rep:3
	Result: 0
	Coverage:  65.53%
	Total Coverage:  79.48%
Input: id:000183,src:000023+000049,time:231965150,execs:10130,op:splice,rep:10
	Result: 0
	Coverage:  57.25%
	Total Coverage:  79.48%
Input: id:000184,src:000034+000089,time:235836478,execs:10248,op:splice,rep:4
	Result: 0
	Coverage:  60.05%
	Total Coverage:  79.48%
Input: id:000185,src:000034+000066,time:238900824,execs:10352,op:splice,rep:6
	Result: 0
	Coverage:  68.15%
	Total Coverage:  79.48%
Input: id:000186,src:000034+000066,time:240794909,execs:10408,op:splice,rep:2
	Result: 0
	Coverage:  64.43%
	Total Coverage:  79.48%
Input: id:000187,src:000005+000158,time:254605012,execs:10855,op:splice,rep:10
	Result: 0
	Coverage:  64.19%
	Total Coverage:  79.48%
Input: id:000188,src:000005+000130,time:257924084,execs:10938,op:splice,rep:2
	Result: 0
	Coverage:  64.56%
	Total Coverage:  79.48%
Input: id:000189,src:000037+000173,time:267934224,execs:11290,op:splice,rep:3
	Result: 0
	Coverage:  65.90%
	Total Coverage:  79.48%
Input: id:000190,src:000037+000173,time:268838404,execs:11310,op:splice,rep:2
	Result: 0
	Coverage:  65.90%
	Total Coverage:  79.48%
Input: id:000191,src:000037+000072,time:271408180,execs:11372,op:splice,rep:1
	Result: 0
	Coverage:  63.64%
	Total Coverage:  79.48%
Input: id:000192,src:000063,time:277421304,execs:11574,op:havoc,rep:1
	Result: 0
	Coverage:  65.77%
	Total Coverage:  79.48%
Input: id:000193,src:000063+000178,time:280258525,execs:11650,op:splice,rep:10,+cov
	Result: 0
	Coverage:  65.59%
	Total Coverage:  79.54%
Input: id:000194,src:000063+000178,time:280480301,execs:11658,op:splice,rep:9
	Result: 0
	Coverage:  65.41%
	Total Coverage:  79.54%
Input: id:000195,src:000193,time:288494544,execs:11897,op:quick,pos:6,+cov
	Result: 0
	Coverage:  64.25%
	Total Coverage:  79.54%
Input: id:000196,src:000193,time:288701912,execs:11906,op:quick,pos:8,+cov
	Result: 0
	Coverage:  65.71%
	Total Coverage:  79.54%
Input: id:000197,src:000193,time:289304632,execs:11928,op:havoc,rep:1,+cov
	Result: 0
	Coverage:  66.57%
	Total Coverage:  79.54%
Input: id:000198,src:000193,time:289535508,execs:11937,op:havoc,rep:2,+cov
	Result: 0
	Coverage:  65.59%
	Total Coverage:  79.54%
Input: id:000199,src:000193,time:290132415,execs:11959,op:havoc,rep:2,+cov
	Result: 0
	Coverage:  66.93%
	Total Coverage:  79.54%
Input: id:000200,src:000193,time:290710260,execs:11978,op:havoc,rep:2,+cov
	Result: 0
	Coverage:  65.59%
	Total Coverage:  79.54%
Input: id:000201,src:000193,time:290940528,execs:11987,op:havoc,rep:2,+cov
	Result: 0
	Coverage:  65.59%
	Total Coverage:  79.54%
Input: id:000202,src:000193,time:292408671,execs:12040,op:havoc,rep:2
	Result: 0
	Coverage:  67.48%
	Total Coverage:  79.54%
Input: id:000203,src:000193,time:297366224,execs:12210,op:havoc,rep:2,+cov
	Result: 0
	Coverage:  66.57%
	Total Coverage:  79.54%
Input: id:000204,src:000193,time:298771128,execs:12257,op:havoc,rep:2,+cov
	Result: 0
	Coverage:  65.59%
	Total Coverage:  79.54%
Input: id:000205,src:000193,time:308158554,execs:12585,op:havoc,rep:2
	Result: 0
	Coverage:  68.82%
	Total Coverage:  79.54%
Input: id:000206,src:000193,time:308893306,execs:12607,op:havoc,rep:1
	Result: 0
	Coverage:  65.90%
	Total Coverage:  79.54%
Input: id:000207,src:000193,time:310267775,execs:12656,op:havoc,rep:2
	Result: 0
	Coverage:  65.41%
	Total Coverage:  79.54%
Input: id:000208,src:000193,time:313996929,execs:12787,op:havoc,rep:1
	Result: 0
	Coverage:  64.56%
	Total Coverage:  79.54%
Input: id:000209,src:000193,time:314659252,execs:12807,op:havoc,rep:2
	Result: 0
	Coverage:  68.21%
	Total Coverage:  79.54%
Input: id:000210,src:000193,time:319942064,execs:12981,op:havoc,rep:2,+cov
	Result: 0
	Coverage:  65.96%
	Total Coverage:  79.54%
Input: id:000211,src:000193,time:327750068,execs:13245,op:havoc,rep:2,+cov
	Result: 0
	Coverage:  68.39%
	Total Coverage:  79.54%
Input: id:000212,src:000193,time:343177860,execs:13770,op:havoc,rep:2,+cov
	Result: 0
	Coverage:  67.30%
	Total Coverage:  79.54%
Input: id:000213,src:000193,time:343540258,execs:13778,op:havoc,rep:2,+cov
	Result: 0
	Coverage:  65.59%
	Total Coverage:  79.54%
Input: id:000214,src:000193,time:357782314,execs:14291,op:havoc,rep:1,+cov
	Result: 0
	Coverage:  64.56%
	Total Coverage:  79.54%
Input: id:000215,src:000193+000208,time:442018913,execs:17240,op:splice,rep:3
	Result: 0
	Coverage:  66.38%
	Total Coverage:  79.54%
Input: id:000216,src:000193+000205,time:443794000,execs:17293,op:splice,rep:8
	Result: 0
	Coverage:  66.99%
	Total Coverage:  79.54%
Input: id:000217,src:000193+000205,time:444181615,execs:17302,op:splice,rep:5
	Result: 0
	Coverage:  65.53%
	Total Coverage:  79.54%
Input: id:000218,src:000193+000205,time:444582260,execs:17312,op:splice,rep:6
	Result: 0
	Coverage:  66.20%
	Total Coverage:  79.54%
Input: id:000219,src:000193+000205,time:446047412,execs:17348,op:splice,rep:4
	Result: 0
	Coverage:  67.36%
	Total Coverage:  79.54%
Input: id:000220,src:000193+000205,time:448117335,execs:17400,op:splice,rep:14
	Result: 0
	Coverage:  65.41%
	Total Coverage:  79.54%
Input: id:000221,src:000193+000205,time:448463440,execs:17408,op:splice,rep:6
	Result: 0
	Coverage:  66.20%
	Total Coverage:  79.54%
Input: id:000222,src:000193+000205,time:449582159,execs:17434,op:splice,rep:11
	Result: 0
	Coverage:  65.90%
	Total Coverage:  79.54%
Input: id:000223,src:000193+000205,time:449998264,execs:17445,op:splice,rep:7
	Result: 0
	Coverage:  65.71%
	Total Coverage:  79.54%
Input: id:000224,src:000193+000205,time:451708855,execs:17490,op:splice,rep:7
	Result: 0
	Coverage:  65.59%
	Total Coverage:  79.54%
Input: id:000225,src:000193+000205,time:453443442,execs:17534,op:splice,rep:4
	Result: 0
	Coverage:  65.71%
	Total Coverage:  79.54%
Input: id:000226,src:000193+000205,time:454559357,execs:17562,op:splice,rep:13
	Result: 0
	Coverage:  66.14%
	Total Coverage:  79.54%
Input: id:000227,src:000193+000205,time:455034899,execs:17574,op:splice,rep:5
	Result: 0
	Coverage:  66.20%
	Total Coverage:  79.54%
Input: id:000228,src:000193+000205,time:462531564,execs:17765,op:splice,rep:12
	Result: 0
	Coverage:  66.08%
	Total Coverage:  79.54%
Input: id:000229,src:000193+000205,time:464931137,execs:17828,op:splice,rep:11
	Result: 0
	Coverage:  65.65%
	Total Coverage:  79.54%
Input: id:000230,src:000193+000205,time:470138864,execs:17963,op:splice,rep:16,+cov
	Result: 0
	Coverage:  64.25%
	Total Coverage:  79.54%
Input: id:000231,src:000193+000205,time:473526200,execs:18052,op:splice,rep:13,+cov
	Result: 0
	Coverage:  64.68%
	Total Coverage:  79.54%
Input: id:000232,src:000193+000205,time:475382913,execs:18103,op:splice,rep:13
	Result: 0
	Coverage:  66.20%
	Total Coverage:  79.54%
Input: id:000233,src:000193+000205,time:483222205,execs:18305,op:splice,rep:13,+cov
	Result: 0
	Coverage:  65.83%
	Total Coverage:  79.54%
Input: id:000234,src:000193+000205,time:484225377,execs:18328,op:splice,rep:13,+cov
	Result: 0
	Coverage:  66.81%
	Total Coverage:  79.54%
Input: id:000235,src:000193+000205,time:486437151,execs:18385,op:splice,rep:15,+cov
	Result: 0
	Coverage:  64.37%
	Total Coverage:  79.54%
Input: id:000236,src:000193+000000,time:508810900,execs:18966,op:splice,rep:14
	Result: 0
	Coverage:  64.74%
	Total Coverage:  79.54%
Input: id:000237,src:000234,time:516119064,execs:19172,op:quick,pos:11,+cov
	Result: 0
	Coverage:  66.81%
	Total Coverage:  79.54%
Input: id:000238,src:000234,time:516468440,execs:19181,op:havoc,rep:5,+cov
	Result: 0
	Coverage:  66.50%
	Total Coverage:  79.54%
Input: id:000239,src:000234,time:516802580,execs:19190,op:havoc,rep:13,+cov
	Result: 0
	Coverage:  64.25%
	Total Coverage:  79.54%
Input: id:000240,src:000234,time:516988064,execs:19198,op:havoc,rep:6,+cov
	Result: 0
	Coverage:  66.81%
	Total Coverage:  79.54%
Input: id:000241,src:000234,time:517264688,execs:19206,op:havoc,rep:9,+cov
	Result: 0
	Coverage:  67.84%
	Total Coverage:  79.54%
Input: id:000242,src:000234,time:517819060,execs:19221,op:havoc,rep:2,+cov
	Result: 0
	Coverage:  66.81%
	Total Coverage:  79.54%
Input: id:000243,src:000234,time:518635892,execs:19241,op:havoc,rep:13,+cov
	Result: 0
	Coverage:  64.49%
	Total Coverage:  79.54%
Input: id:000244,src:000234,time:518926317,execs:19251,op:havoc,rep:4,+cov
	Result: 0
	Coverage:  64.25%
	Total Coverage:  79.54%
Input: id:000245,src:000234,time:519201808,execs:19261,op:havoc,rep:13,+cov
	Result: 0
	Coverage:  65.41%
	Total Coverage:  79.54%
Input: id:000246,src:000234,time:521269838,execs:19311,op:havoc,rep:9,+cov
	Result: 0
	Coverage:  65.83%
	Total Coverage:  79.54%
Input: id:000247,src:000234,time:521801176,execs:19323,op:havoc,rep:8,+cov
	Result: 0
	Coverage:  66.20%
	Total Coverage:  79.54%
Input: id:000248,src:000234,time:523088751,execs:19353,op:havoc,rep:9,+cov
	Result: 0
	Coverage:  67.60%
	Total Coverage:  79.54%
Input: id:000249,src:000234,time:523593788,execs:19365,op:havoc,rep:9,+cov
	Result: 0
	Coverage:  66.81%
	Total Coverage:  79.54%
Input: id:000250,src:000234,time:524465513,execs:19389,op:havoc,rep:14,+cov
	Result: 0
	Coverage:  65.83%
	Total Coverage:  79.54%
Input: id:000251,src:000234,time:524702960,execs:19397,op:havoc,rep:12,+cov
	Result: 0
	Coverage:  64.56%
	Total Coverage:  79.54%
Input: id:000252,src:000234,time:525002836,execs:19407,op:havoc,rep:12,+cov
	Result: 0
	Coverage:  64.25%
	Total Coverage:  79.54%
Input: id:000253,src:000234,time:526082254,execs:19437,op:havoc,rep:8,+cov
	Result: 0
	Coverage:  66.50%
	Total Coverage:  79.54%
Input: id:000254,src:000234,time:526859508,execs:19454,op:havoc,rep:11,+cov
	Result: 0
	Coverage:  66.99%
	Total Coverage:  79.54%
Input: id:000255,src:000234,time:527885074,execs:19481,op:havoc,rep:12,+cov
	Result: 0
	Coverage:  64.25%
	Total Coverage:  79.54%
Input: id:000256,src:000234,time:529324440,execs:19517,op:havoc,rep:3,+cov
	Result: 0
	Coverage:  64.25%
	Total Coverage:  79.54%
Input: id:000257,src:000234,time:529957700,execs:19536,op:havoc,rep:14,+cov
	Result: 0
	Coverage:  66.81%
	Total Coverage:  79.54%
Input: id:000258,src:000234,time:532997055,execs:19612,op:havoc,rep:10,+cov
	Result: 0
	Coverage:  64.25%
	Total Coverage:  79.54%
Input: id:000259,src:000234,time:533692820,execs:19633,op:havoc,rep:8,+cov
	Result: 0
	Coverage:  67.30%
	Total Coverage:  79.54%
Input: id:000260,src:000234,time:536357111,execs:19697,op:havoc,rep:6,+cov
	Result: 0
	Coverage:  66.93%
	Total Coverage:  79.54%
Input: id:000261,src:000234,time:537188346,execs:19719,op:havoc,rep:8,+cov
	Result: 0
	Coverage:  66.08%
	Total Coverage:  79.54%
Input: id:000262,src:000234,time:538956129,execs:19762,op:havoc,rep:15,+cov
	Result: 0
	Coverage:  64.25%
	Total Coverage:  79.54%
Input: id:000263,src:000234,time:539362770,execs:19777,op:havoc,rep:1,+cov
	Result: 0
	Coverage:  66.81%
	Total Coverage:  79.54%
Input: id:000264,src:000234,time:540771531,execs:19814,op:havoc,rep:15,+cov
	Result: 0
	Coverage:  64.25%
	Total Coverage:  79.54%
Input: id:000265,src:000234,time:541503711,execs:19835,op:havoc,rep:14,+cov
	Result: 0
	Coverage:  66.81%
	Total Coverage:  79.54%
Input: id:000266,src:000234,time:543237210,execs:19883,op:havoc,rep:10
	Result: 0
	Coverage:  65.04%
	Total Coverage:  79.54%
Input: id:000267,src:000234,time:545061967,execs:19927,op:havoc,rep:14,+cov
	Result: 0
	Coverage:  66.99%
	Total Coverage:  79.54%
Input: id:000268,src:000234,time:546522092,execs:19962,op:havoc,rep:4,+cov
	Result: 0
	Coverage:  66.32%
	Total Coverage:  79.54%
Input: id:000269,src:000234,time:549303760,execs:20030,op:havoc,rep:9,+cov
	Result: 0
	Coverage:  64.25%
	Total Coverage:  79.54%
Input: id:000270,src:000234,time:554681920,execs:20166,op:havoc,rep:9,+cov
	Result: 0
	Coverage:  64.37%
	Total Coverage:  79.54%
Input: id:000271,src:000234,time:555277400,execs:20184,op:havoc,rep:15,+cov
	Result: 0
	Coverage:  65.41%
	Total Coverage:  79.54%
Input: id:000272,src:000234,time:555620052,execs:20195,op:havoc,rep:11
	Result: 0
	Coverage:  66.20%
	Total Coverage:  79.54%
Input: id:000273,src:000234,time:556295032,execs:20211,op:havoc,rep:8,+cov
	Result: 0
	Coverage:  65.53%
	Total Coverage:  79.54%
Input: id:000274,src:000234,time:556561048,execs:20219,op:havoc,rep:13,+cov
	Result: 0
	Coverage:  64.92%
	Total Coverage:  79.54%
Input: id:000275,src:000234,time:557799136,execs:20250,op:havoc,rep:15,+cov
	Result: 0
	Coverage:  64.37%
	Total Coverage:  79.54%
Input: id:000276,src:000234,time:560822584,execs:20328,op:havoc,rep:5,+cov
	Result: 0
	Coverage:  66.50%
	Total Coverage:  79.54%
Input: id:000277,src:000234,time:562720116,execs:20378,op:havoc,rep:7,+cov
	Result: 0
	Coverage:  66.50%
	Total Coverage:  79.54%
Input: id:000278,src:000234,time:566332775,execs:20469,op:havoc,rep:8,+cov
	Result: 0
	Coverage:  66.81%
	Total Coverage:  79.54%
Input: id:000279,src:000234,time:567046816,execs:20488,op:havoc,rep:16,+cov
	Result: 0
	Coverage:  64.37%
	Total Coverage:  79.54%
Input: id:000280,src:000234,time:572126032,execs:20617,op:havoc,rep:3
	Result: 0
	Coverage:  65.83%
	Total Coverage:  79.54%
Input: id:000281,src:000234,time:579280129,execs:20795,op:havoc,rep:16,+cov
	Result: 0
	Coverage:  64.25%
	Total Coverage:  79.54%
Input: id:000282,src:000234,time:580060272,execs:20817,op:havoc,rep:13
	Result: 0
	Coverage:  66.93%
	Total Coverage:  79.54%
Input: id:000283,src:000234,time:581334112,execs:20850,op:havoc,rep:3,+cov
	Result: 0
	Coverage:  66.81%
	Total Coverage:  79.54%
Input: id:000284,src:000250,time:598329238,execs:21361,op:quick,pos:14,+cov
	Result: 0
	Coverage:  65.83%
	Total Coverage:  79.54%
Input: id:000285,src:000250,time:598562356,execs:21369,op:havoc,rep:3,+cov
	Result: 0
	Coverage:  64.25%
	Total Coverage:  79.54%
Input: id:000286,src:000250,time:599046280,execs:21385,op:havoc,rep:3,+cov
	Result: 0
	Coverage:  65.83%
	Total Coverage:  79.54%
Input: id:000287,src:000250,time:599427804,execs:21397,op:havoc,rep:1,+cov
	Result: 0
	Coverage:  65.83%
	Total Coverage:  79.54%
Input: id:000288,src:000250,time:600195157,execs:21421,op:havoc,rep:4,+cov
	Result: 0
	Coverage:  64.25%
	Total Coverage:  79.54%
Input: id:000289,src:000250,time:600452918,execs:21429,op:havoc,rep:4,+cov
	Result: 0
	Coverage:  64.25%
	Total Coverage:  79.54%
Input: id:000290,src:000250,time:600678843,execs:21438,op:havoc,rep:2,+cov
	Result: 0
	Coverage:  64.37%
	Total Coverage:  79.54%
Input: id:000291,src:000250,time:601201744,execs:21456,op:havoc,rep:3,+cov
	Result: 0
	Coverage:  66.63%
	Total Coverage:  79.54%
Input: id:000292,src:000250,time:601730097,execs:21472,op:havoc,rep:4,+cov
	Result: 0
	Coverage:  68.39%
	Total Coverage:  79.54%
Input: id:000293,src:000250,time:602164240,execs:21484,op:havoc,rep:4
	Result: 0
	Coverage:  67.97%
	Total Coverage:  79.54%
Input: id:000294,src:000250,time:602701684,execs:21498,op:havoc,rep:2,+cov
	Result: 0
	Coverage:  65.83%
	Total Coverage:  79.54%
Input: id:000295,src:000250,time:603710868,execs:21529,op:havoc,rep:4,+cov
	Result: 0
	Coverage:  63.82%
	Total Coverage:  79.54%
Input: id:000296,src:000250,time:605709333,execs:21589,op:havoc,rep:1,+cov
	Result: 0
	Coverage:  65.83%
	Total Coverage:  79.54%
Input: id:000297,src:000250,time:607240255,execs:21637,op:havoc,rep:3,+cov
	Result: 0
	Coverage:  68.15%
	Total Coverage:  79.54%
Input: id:000298,src:000250,time:610856152,execs:21747,op:havoc,rep:1,+cov
	Result: 0
	Coverage:  65.83%
	Total Coverage:  79.54%
Input: id:000299,src:000250,time:611755678,execs:21774,op:havoc,rep:4,+cov
	Result: 0
	Coverage:  65.83%
	Total Coverage:  79.54%
Input: id:000300,src:000250,time:625786990,execs:22204,op:havoc,rep:4,+cov
	Result: 0
	Coverage:  65.53%
	Total Coverage:  79.54%
Input: id:000301,src:000250,time:635384815,execs:22497,op:havoc,rep:3
	Result: 0
	Coverage:  66.20%
	Total Coverage:  79.54%
Input: id:000302,src:000250,time:639830745,execs:22634,op:havoc,rep:3
	Result: 0
	Coverage:  65.96%
	Total Coverage:  79.54%
Input: id:000303,src:000250,time:641063653,execs:22671,op:havoc,rep:4,+cov
	Result: 0
	Coverage:  65.47%
	Total Coverage:  79.54%
Input: id:000304,src:000296,time:662528156,execs:23360,op:quick,pos:14,+cov
	Result: 0
	Coverage:  65.83%
	Total Coverage:  79.54%
Input: id:000305,src:000296,time:662924823,execs:23373,op:havoc,rep:1,+cov
	Result: 0
	Coverage:  65.83%
	Total Coverage:  79.54%
Input: id:000306,src:000213+000250,time:675342644,execs:23778,op:splice,rep:5
	Result: 0
	Coverage:  64.68%
	Total Coverage:  79.54%
Input: id:000307,src:000213+000252,time:676336240,execs:23805,op:splice,rep:4
	Result: 0
	Coverage:  66.14%
	Total Coverage:  79.54%
Input: id:000308,src:000262+000128,time:683596880,execs:24071,op:splice,rep:11
	Result: 0
	Coverage:  64.49%
	Total Coverage:  79.54%
Input: id:000309,src:000277+000207,time:715465844,execs:25092,op:splice,rep:4,+cov
	Result: 0
	Coverage:  67.72%
	Total Coverage:  79.54%
Input: id:000310,src:000277+000259,time:717445208,execs:25151,op:splice,rep:4,+cov
	Result: 0
	Coverage:  66.14%
	Total Coverage:  79.54%
Input: id:000311,src:000270,time:722906772,execs:25340,op:havoc,rep:11,+cov
	Result: 0
	Coverage:  66.50%
	Total Coverage:  79.54%
Input: id:000312,src:000281+000295,time:761295860,execs:26664,op:splice,rep:2,+cov
	Result: 0
	Coverage:  67.17%
	Total Coverage:  79.54%
Input: id:000313,src:000197+000265,time:789583800,execs:27579,op:splice,rep:1
	Result: 0
	Coverage:  68.03%
	Total Coverage:  79.54%
Input: id:000314,src:000260+000270,time:812688756,execs:28326,op:splice,rep:2,+cov
	Result: 0
	Coverage:  64.80%
	Total Coverage:  79.54%
Input: id:000315,src:000260+000279,time:813728696,execs:28360,op:splice,rep:2,+cov
	Result: 0
	Coverage:  67.05%
	Total Coverage:  79.54%
Input: id:000316,src:000260+000279,time:814367357,execs:28381,op:splice,rep:6,+cov
	Result: 0
	Coverage:  66.50%
	Total Coverage:  79.54%
Input: id:000317,src:000314,time:819430036,execs:28540,op:havoc,rep:1,+cov
	Result: 0
	Coverage:  64.80%
	Total Coverage:  79.54%
Input: id:000318,src:000314,time:819729536,execs:28549,op:havoc,rep:1,+cov
	Result: 0
	Coverage:  64.68%
	Total Coverage:  79.54%
Input: id:000319,src:000314+000248,time:821925856,execs:28617,op:splice,rep:9
	Result: 0
	Coverage:  66.75%
	Total Coverage:  79.54%
Input: id:000320,src:000230,time:837420630,execs:29172,op:havoc,rep:1,+cov
	Result: 0
	Coverage:  64.25%
	Total Coverage:  79.54%
Input: id:000321,src:000230,time:837703898,execs:29183,op:havoc,rep:4,+cov
	Result: 0
	Coverage:  64.25%
	Total Coverage:  79.54%
Input: id:000322,src:000230,time:838045431,execs:29197,op:havoc,rep:8,+cov
	Result: 0
	Coverage:  66.08%
	Total Coverage:  79.54%
Input: id:000323,src:000230,time:838401551,execs:29209,op:havoc,rep:3,+cov
	Result: 0
	Coverage:  64.25%
	Total Coverage:  79.54%
Input: id:000324,src:000230,time:838695924,execs:29221,op:havoc,rep:7,+cov
	Result: 0
	Coverage:  65.41%
	Total Coverage:  79.54%
Input: id:000325,src:000230,time:839674201,execs:29257,op:havoc,rep:1,+cov
	Result: 0
	Coverage:  64.25%
	Total Coverage:  79.54%
Input: id:000326,src:000230,time:840098644,execs:29274,op:havoc,rep:2,+cov
	Result: 0
	Coverage:  64.25%
	Total Coverage:  79.54%
Input: id:000327,src:000230,time:841487743,execs:29325,op:havoc,rep:8,+cov
	Result: 0
	Coverage:  65.53%
	Total Coverage:  79.54%
Input: id:000328,src:000230,time:842205684,execs:29350,op:havoc,rep:8,+cov
	Result: 0
	Coverage:  64.25%
	Total Coverage:  79.54%
Input: id:000329,src:000230,time:845428500,execs:29465,op:havoc,rep:1,+cov
	Result: 0
	Coverage:  64.56%
	Total Coverage:  79.54%
Input: id:000330,src:000230,time:847196376,execs:29532,op:havoc,rep:6,+cov
	Result: 0
	Coverage:  65.41%
	Total Coverage:  79.54%
Input: id:000331,src:000230,time:862378419,execs:30084,op:havoc,rep:6,+cov
	Result: 0
	Coverage:  64.25%
	Total Coverage:  79.54%
Input: id:000332,src:000230+000208,time:875359446,execs:30550,op:splice,rep:10,+cov
	Result: 0
	Coverage:  65.59%
	Total Coverage:  79.54%
Input: id:000333,src:000230+000222,time:877234310,execs:30608,op:splice,rep:2,+cov
	Result: 0
	Coverage:  64.62%
	Total Coverage:  79.54%
Input: id:000334,src:000230+000313,time:878885688,execs:30657,op:splice,rep:6
	Result: 0
	Coverage:  67.90%
	Total Coverage:  79.54%
Input: id:000335,src:000230+000253,time:880558437,execs:30705,op:splice,rep:6,+cov
	Result: 0
	Coverage:  67.17%
	Total Coverage:  79.54%
Input: id:000336,src:000328,time:885047474,execs:30869,op:quick,pos:21,+cov
	Result: 0
	Coverage:  64.25%
	Total Coverage:  79.54%
Input: id:000337,src:000328+000325,time:889068800,execs:30991,op:splice,rep:8
	Result: 0
	Coverage:  66.20%
	Total Coverage:  79.54%
Input: id:000338,src:000328+000197,time:891491236,execs:31080,op:splice,rep:12,+cov
	Result: 0
	Coverage:  64.25%
	Total Coverage:  79.54%
Input: id:000339,src:000336,time:893928703,execs:31179,op:havoc,rep:3,+cov
	Result: 0
	Coverage:  64.25%
	Total Coverage:  79.54%
Input: id:000340,src:000336,time:894177681,execs:31187,op:havoc,rep:3,+cov
	Result: 0
	Coverage:  64.19%
	Total Coverage:  79.54%
Input: id:000341,src:000336,time:894417108,execs:31197,op:havoc,rep:4,+cov
	Result: 0
	Coverage:  64.25%
	Total Coverage:  79.54%
Input: id:000342,src:000336,time:895078996,execs:31222,op:havoc,rep:4,+cov
	Result: 0
	Coverage:  67.05%
	Total Coverage:  79.54%
Input: id:000343,src:000336,time:895673712,execs:31243,op:havoc,rep:2,+cov
	Result: 0
	Coverage:  66.08%
	Total Coverage:  79.54%
Input: id:000344,src:000336,time:896225598,execs:31264,op:havoc,rep:4,+cov
	Result: 0
	Coverage:  64.25%
	Total Coverage:  79.54%
Input: id:000345,src:000336,time:897615956,execs:31315,op:havoc,rep:1,+cov
	Result: 0
	Coverage:  64.25%
	Total Coverage:  79.54%
Input: id:000346,src:000336,time:899383728,execs:31378,op:havoc,rep:2,+cov
	Result: 0
	Coverage:  65.41%
	Total Coverage:  79.54%
Input: id:000347,src:000336,time:899676955,execs:31388,op:havoc,rep:4,+cov
	Result: 0
	Coverage:  66.08%
	Total Coverage:  79.54%
Input: id:000348,src:000336,time:901625709,execs:31460,op:havoc,rep:4,+cov
	Result: 0
	Coverage:  66.50%
	Total Coverage:  79.54%
Input: id:000349,src:000336,time:902017204,execs:31472,op:havoc,rep:4,+cov
	Result: 0
	Coverage:  66.08%
	Total Coverage:  79.54%
Input: id:000350,src:000336,time:903811776,execs:31537,op:havoc,rep:1,+cov
	Result: 0
	Coverage:  67.05%
	Total Coverage:  79.54%
Input: id:000351,src:000336,time:908083325,execs:31693,op:havoc,rep:4,+cov
	Result: 0
	Coverage:  65.41%
	Total Coverage:  79.54%
Input: id:000352,src:000336,time:909049377,execs:31730,op:havoc,rep:2,+cov
	Result: 0
	Coverage:  64.56%
	Total Coverage:  79.54%
Input: id:000353,src:000336,time:911939421,execs:31837,op:havoc,rep:3,+cov
	Result: 0
	Coverage:  67.05%
	Total Coverage:  79.54%
Input: id:000354,src:000336,time:913591629,execs:31896,op:havoc,rep:1,+cov
	Result: 0
	Coverage:  64.25%
	Total Coverage:  79.54%
Input: id:000355,src:000336,time:917885656,execs:32059,op:havoc,rep:1,+cov
	Result: 0
	Coverage:  65.41%
	Total Coverage:  79.54%
Input: id:000356,src:000336,time:919959064,execs:32131,op:havoc,rep:2,+cov
	Result: 0
	Coverage:  65.41%
	Total Coverage:  79.54%
Input: id:000357,src:000336,time:928478360,execs:32450,op:havoc,rep:3,+cov
	Result: 0
	Coverage:  64.25%
	Total Coverage:  79.54%
Input: id:000358,src:000344,time:947653524,execs:33110,op:havoc,rep:1,+cov
	Result: 0
	Coverage:  64.25%
	Total Coverage:  79.54%
Input: id:000359,src:000358,time:957460798,execs:33403,op:havoc,rep:3,+cov
	Result: 0
	Coverage:  66.08%
	Total Coverage:  79.54%
Input: id:000360,src:000358,time:957802580,execs:33411,op:havoc,rep:2,+cov
	Result: 0
	Coverage:  64.25%
	Total Coverage:  79.54%
Input: id:000361,src:000358,time:958047798,execs:33419,op:havoc,rep:8,+cov
	Result: 0
	Coverage:  65.41%
	Total Coverage:  79.54%
Input: id:000362,src:000358,time:958409950,execs:33431,op:havoc,rep:3,+cov
	Result: 0
	Coverage:  64.25%
	Total Coverage:  79.54%
Input: id:000363,src:000358,time:959071672,execs:33449,op:havoc,rep:1,+cov
	Result: 0
	Coverage:  64.25%
	Total Coverage:  79.54%
Input: id:000364,src:000358,time:962313365,execs:33537,op:havoc,rep:6,+cov
	Result: 0
	Coverage:  67.05%
	Total Coverage:  79.54%
Input: id:000365,src:000358,time:962664632,execs:33546,op:havoc,rep:5,+cov
	Result: 0
	Coverage:  64.37%
	Total Coverage:  79.54%
Input: id:000366,src:000358,time:966486680,execs:33654,op:havoc,rep:6,+cov
	Result: 0
	Coverage:  64.25%
	Total Coverage:  79.54%
Input: id:000367,src:000358,time:967293337,execs:33678,op:havoc,rep:8,+cov
	Result: 0
	Coverage:  66.50%
	Total Coverage:  79.54%
Input: id:000368,src:000358,time:969205528,execs:33729,op:havoc,rep:8,+cov
	Result: 0
	Coverage:  67.42%
	Total Coverage:  79.54%
Input: id:000369,src:000358,time:973174080,execs:33843,op:havoc,rep:2,+cov
	Result: 0
	Coverage:  64.25%
	Total Coverage:  79.54%
Input: id:000370,src:000358,time:973429822,execs:33851,op:havoc,rep:4,+cov
	Result: 0
	Coverage:  64.56%
	Total Coverage:  79.54%
Input: id:000371,src:000358,time:977727710,execs:33974,op:havoc,rep:7,+cov
	Result: 0
	Coverage:  66.87%
	Total Coverage:  79.54%
Input: id:000372,src:000358,time:1004169784,execs:34698,op:havoc,rep:6,+cov
	Result: 0
	Coverage:  66.99%
	Total Coverage:  79.54%
Input: id:000373,src:000359+000184,time:1026614871,execs:35324,op:splice,rep:2
	Result: 0
	Coverage:  64.37%
	Total Coverage:  79.54%
Input: id:000374,src:000359+000255,time:1027312191,execs:35347,op:splice,rep:5,+cov
	Result: 0
	Coverage:  64.19%
	Total Coverage:  79.54%
Input: id:000375,src:000365+000196,time:1062045496,execs:36331,op:splice,rep:10
	Result: 0
	Coverage:  66.50%
	Total Coverage:  79.54%
Input: id:000376,src:000352+000076,time:1070895299,execs:36611,op:splice,rep:7
	Result: 0
	Coverage:  66.93%
	Total Coverage:  79.54%
Input: id:000377,src:000245+000108,time:1081850393,execs:36921,op:splice,rep:7
	Result: 0
	Coverage:  67.17%
	Total Coverage:  79.54%
Input: id:000378,src:000299+000374,time:1123721240,execs:38286,op:splice,rep:14
	Result: 0
	Coverage:  64.80%
	Total Coverage:  79.54%
Input: id:000379,src:000338+000121,time:1132881091,execs:38569,op:splice,rep:5
	Result: 0
	Coverage:  54.08%
	Total Coverage:  79.54%
>>>[*] loaded vector table:
initial_stack_pointer:0x20000200
reset_handler:0x800070d
nmi_handler:0x0
hardfault_handler:0x80006c1
memmanage_handler:0x0
busfault_handler:0x80006d9
usagefault_handler:0x80006f1
reserved1:0x80006bf
reserved2:0x80006bf
reserved3:0x80006bf
reserved4:0x80006bf
svcall_handler:0x80006bd
reserved5:0x80006bd
reserved6:0x80006bf
pendsv_handler:0x8000975
systick_handler:0x800041d
uart1_handler:0x8000459
uart2_handler:0x8000469

>>>Uart 2 says: boot\r\n
>>>Uart 2 says: threads created\r\n
>>>Uart 1 sent: 10 00 db dc 00 00 00 00 d0 c0
>>>Uart 2 says: Good news, Everyone!\r\n
>>>Uart 1 says: 00 00 00 00 00 00 00 c0
>>>Uart 1 sent: 10 02 db dc 00 00 01 00 a5 78 c0
>>>Uart 1 says: 00 02 00 00 00 00 00 c0
>>>Uart 1 sent: 10 00 db dc 00 00 00 01 d1 c0
>>>Uart 2 says: src/main.c:179: Printing u8 param: (0x000000A5)\r\n
>>>Uart 1 says: 00 00 00 00 00 00 00 c0
>>>Uart 1 sent: 10 02 db dc 00 00 04 01 de ad be ef 0f c0
>>>Uart 1 says: 00 02 00 00 00 00 00 c0
>>>Uart 1 sent: 10 00 db dc 00 00 00 02 d2 c0
>>>Uart 2 says: src/main.c:204: Printing u32 param: (0xDEADBEEF)\r\n
>>>Uart 1 says: 00 00 00 00 00 00 00 c0
>>>Uart 1 sent: 10 00 db dc 00 00 00 00 d0 c0
>>>Uart 2 says: Good news, Everyone!\r\n
>>>Uart 1 says: 00 00 00 00 00 00 00 c0
>>>Uart 1 sent: 10 02 db dc 00 00 01 00 7d 50 c0
>>>Uart 1 says: 00 02 00 00 00 00 00 c0
>>>Uart 1 sent: 10 00 db dc 00 00 00 01 d1 c0
>>>Uart 2 says: src/main.c:179: Printing u8 param: (0x0000007D)\r\n
>>>Uart 1 says: 00 00 00 00 00 00 00 c0
>>>Uart 1 sent: 10 02 db dc 00 00 04 01 ca fe ba be 17 c0
>>>Uart 1 says: 00 02 00 00 00 00 00 c0
>>>Uart 1 sent: 10 00 db dc 00 00 00 02 d2 c0
>>>Uart 2 says: src/main.c:204: Printing u32 param: (0xCAFEBABE)\r\n
>>>Uart 1 says: 00 00 00 00 00 00 00 c0
>>>Uart 1 sent: 10 00 db dc 00 00 00 02 d2 c0
>>>Uart 2 says: src/main.c:204: Printing u32 param: (0xCAFEBABE)\r\n
>>>Uart 1 says: 00 00 00 00 00 00 00 c0
>>>OutOfPacketsException: Ran out of Spacepackets to send
